{"/Users/carey/Projects/Node/aft/ui/commitlint.config.cjs": {"path":"/Users/carey/Projects/Node/aft/ui/commitlint.config.cjs","statementMap":{"0":{"start":{"line":1,"column":0},"end":{"line":7,"column":2}}},"fnMap":{},"branchMap":{},"s":{"0":0},"f":{},"b":{}}
,"/Users/carey/Projects/Node/aft/ui/generate.ts": {"path":"/Users/carey/Projects/Node/aft/ui/generate.ts","statementMap":{"0":{"start":{"line":5,"column":12},"end":{"line":5,"column":null}},"1":{"start":{"line":6,"column":16},"end":{"line":6,"column":null}},"2":{"start":{"line":7,"column":11},"end":{"line":7,"column":null}},"3":{"start":{"line":11,"column":17},"end":{"line":11,"column":null}},"4":{"start":{"line":12,"column":17},"end":{"line":12,"column":null}},"5":{"start":{"line":14,"column":17},"end":{"line":14,"column":null}},"6":{"start":{"line":16,"column":2},"end":{"line":19,"column":null}},"7":{"start":{"line":17,"column":4},"end":{"line":17,"column":null}},"8":{"start":{"line":18,"column":4},"end":{"line":18,"column":null}},"9":{"start":{"line":21,"column":2},"end":{"line":34,"column":null}},"10":{"start":{"line":22,"column":4},"end":{"line":33,"column":null}},"11":{"start":{"line":23,"column":6},"end":{"line":25,"column":null}},"12":{"start":{"line":27,"column":6},"end":{"line":32,"column":null}},"13":{"start":{"line":36,"column":2},"end":{"line":36,"column":null}}},"fnMap":{"0":{"name":"buildTokens","decl":{"start":{"line":9,"column":16},"end":{"line":9,"column":30}},"loc":{"start":{"line":9,"column":30},"end":{"line":37,"column":null}}},"1":{"name":"(anonymous_1)","decl":{"start":{"line":16,"column":17},"end":{"line":16,"column":18}},"loc":{"start":{"line":16,"column":26},"end":{"line":19,"column":3}}},"2":{"name":"(anonymous_2)","decl":{"start":{"line":21,"column":17},"end":{"line":21,"column":23}},"loc":{"start":{"line":21,"column":23},"end":{"line":34,"column":3}}}},"branchMap":{"0":{"loc":{"start":{"line":22,"column":4},"end":{"line":33,"column":null}},"type":"if","locations":[{"start":{"line":22,"column":4},"end":{"line":33,"column":null}},{"start":{"line":26,"column":11},"end":{"line":33,"column":null}}]}},"s":{"0":0,"1":0,"2":0,"3":0,"4":0,"5":0,"6":0,"7":0,"8":0,"9":0,"10":0,"11":0,"12":0,"13":0},"f":{"0":0,"1":0,"2":0},"b":{"0":[0,0]}}
,"/Users/carey/Projects/Node/aft/ui/playwright.config.ts": {"path":"/Users/carey/Projects/Node/aft/ui/playwright.config.ts","statementMap":{"0":{"start":{"line":3,"column":37},"end":{"line":13,"column":null}}},"fnMap":{},"branchMap":{},"s":{"0":0},"f":{},"b":{}}
,"/Users/carey/Projects/Node/aft/ui/postbuild.cjs": {"path":"/Users/carey/Projects/Node/aft/ui/postbuild.cjs","statementMap":{"0":{"start":{"line":1,"column":19},"end":{"line":1,"column":32}},"1":{"start":{"line":2,"column":15},"end":{"line":2,"column":32}},"2":{"start":{"line":5,"column":0},"end":{"line":5,"column":40}},"3":{"start":{"line":6,"column":0},"end":{"line":6,"column":42}},"4":{"start":{"line":7,"column":0},"end":{"line":7,"column":49}},"5":{"start":{"line":10,"column":0},"end":{"line":10,"column":36}},"6":{"start":{"line":11,"column":0},"end":{"line":11,"column":34}},"7":{"start":{"line":14,"column":0},"end":{"line":14,"column":94}},"8":{"start":{"line":14,"column":69},"end":{"line":14,"column":92}},"9":{"start":{"line":15,"column":0},"end":{"line":15,"column":98}},"10":{"start":{"line":15,"column":73},"end":{"line":15,"column":96}}},"fnMap":{"0":{"name":"(anonymous_0)","decl":{"start":{"line":14,"column":60},"end":{"line":14,"column":61}},"loc":{"start":{"line":14,"column":69},"end":{"line":14,"column":92}}},"1":{"name":"(anonymous_1)","decl":{"start":{"line":15,"column":64},"end":{"line":15,"column":65}},"loc":{"start":{"line":15,"column":73},"end":{"line":15,"column":96}}}},"branchMap":{"0":{"loc":{"start":{"line":14,"column":69},"end":{"line":14,"column":92}},"type":"binary-expr","locations":[{"start":{"line":14,"column":69},"end":{"line":14,"column":72}},{"start":{"line":14,"column":76},"end":{"line":14,"column":92}}]},"1":{"loc":{"start":{"line":15,"column":73},"end":{"line":15,"column":96}},"type":"binary-expr","locations":[{"start":{"line":15,"column":73},"end":{"line":15,"column":76}},{"start":{"line":15,"column":80},"end":{"line":15,"column":96}}]}},"s":{"0":0,"1":0,"2":0,"3":0,"4":0,"5":0,"6":0,"7":0,"8":0,"9":0,"10":0},"f":{"0":0,"1":0},"b":{"0":[0,0],"1":[0,0]}}
,"/Users/carey/Projects/Node/aft/ui/postcss.config.cjs": {"path":"/Users/carey/Projects/Node/aft/ui/postcss.config.cjs","statementMap":{"0":{"start":{"line":1,"column":0},"end":{"line":6,"column":2}}},"fnMap":{},"branchMap":{},"s":{"0":0},"f":{},"b":{}}
,"/Users/carey/Projects/Node/aft/ui/svelte.config.js": {"path":"/Users/carey/Projects/Node/aft/ui/svelte.config.js","statementMap":{"0":{"start":{"line":5,"column":15},"end":{"line":26,"column":1}},"1":{"start":{"line":21,"column":2},"end":{"line":23,"column":3}},"2":{"start":{"line":22,"column":3},"end":{"line":22,"column":10}},"3":{"start":{"line":24,"column":2},"end":{"line":24,"column":19}}},"fnMap":{"0":{"name":"(anonymous_0)","decl":{"start":{"line":20,"column":9},"end":{"line":20,"column":10}},"loc":{"start":{"line":20,"column":31},"end":{"line":25,"column":2}}}},"branchMap":{"0":{"loc":{"start":{"line":21,"column":2},"end":{"line":23,"column":3}},"type":"if","locations":[{"start":{"line":21,"column":2},"end":{"line":23,"column":3}},{"start":{"line":21,"column":2},"end":{"line":23,"column":3}}]}},"s":{"0":0,"1":0,"2":0,"3":0},"f":{"0":0},"b":{"0":[0,0]}}
,"/Users/carey/Projects/Node/aft/ui/tailwind.config.cjs": {"path":"/Users/carey/Projects/Node/aft/ui/tailwind.config.cjs","statementMap":{"0":{"start":{"line":3,"column":15},"end":{"line":5,"column":1}},"1":{"start":{"line":8,"column":0},"end":{"line":20,"column":2}}},"fnMap":{},"branchMap":{},"s":{"0":0,"1":0},"f":{},"b":{}}
,"/Users/carey/Projects/Node/aft/ui/src/lib/components/Accordion/Component.svelte": {"path":"/Users/carey/Projects/Node/aft/ui/src/lib/components/Accordion/Component.svelte","statementMap":{"0":{"start":{"line":59,"column":7},"end":{"line":59,"column":null}},"1":{"start":{"line":58,"column":0},"end":{"line":71,"column":null}},"2":{"start":{"line":17,"column":82},"end":{"line":18,"column":null}},"3":{"start":{"line":17,"column":82},"end":{"line":17,"column":null}},"4":{"start":{"line":21,"column":22},"end":{"line":21,"column":null}},"5":{"start":{"line":32,"column":1},"end":{"line":34,"column":null}},"6":{"start":{"line":37,"column":12},"end":{"line":37,"column":null}},"7":{"start":{"line":39,"column":5},"end":{"line":40,"column":null}},"8":{"start":{"line":40,"column":2},"end":{"line":40,"column":null}},"9":{"start":{"line":42,"column":1},"end":{"line":53,"column":null}}},"fnMap":{},"branchMap":{"0":{"loc":{"start":{"line":59,"column":7},"end":{"line":59,"column":null}},"type":"binary-expr","locations":[{"start":{"line":59,"column":7},"end":{"line":59,"column":null}},{"start":{"line":59,"column":9},"end":{"line":59,"column":null}}]},"1":{"loc":{"start":{"line":60,"column":5},"end":{"line":60,"column":null}},"type":"binary-expr","locations":[{"start":{"line":60,"column":5},"end":{"line":60,"column":16}},{"start":{"line":60,"column":5},"end":{"line":60,"column":null}}]},"2":{"loc":{"start":{"line":61,"column":16},"end":{"line":61,"column":22}},"type":"binary-expr","locations":[{"start":{"line":61,"column":16},"end":{"line":61,"column":22}},{"start":{"line":61,"column":16},"end":{"line":61,"column":22}},{"start":{"line":61,"column":16},"end":{"line":61,"column":null}}]},"3":{"loc":{"start":{"line":62,"column":8},"end":{"line":62,"column":null}},"type":"binary-expr","locations":[{"start":{"line":62,"column":8},"end":{"line":62,"column":24}},{"start":{"line":62,"column":8},"end":{"line":62,"column":24}},{"start":{"line":62,"column":8},"end":{"line":62,"column":null}}]},"4":{"loc":{"start":{"line":17,"column":14},"end":{"line":17,"column":18}},"type":"default-arg","locations":[{"start":{"line":17,"column":14},"end":{"line":17,"column":18}}]},"5":{"loc":{"start":{"line":17,"column":18},"end":{"line":17,"column":28}},"type":"default-arg","locations":[{"start":{"line":17,"column":18},"end":{"line":17,"column":28}}]},"6":{"loc":{"start":{"line":17,"column":28},"end":{"line":17,"column":38}},"type":"default-arg","locations":[{"start":{"line":17,"column":28},"end":{"line":17,"column":38}}]},"7":{"loc":{"start":{"line":17,"column":38},"end":{"line":17,"column":47}},"type":"default-arg","locations":[{"start":{"line":17,"column":38},"end":{"line":17,"column":47}}]},"8":{"loc":{"start":{"line":17,"column":47},"end":{"line":17,"column":57}},"type":"default-arg","locations":[{"start":{"line":17,"column":47},"end":{"line":17,"column":57}}]},"9":{"loc":{"start":{"line":17,"column":57},"end":{"line":17,"column":63}},"type":"default-arg","locations":[{"start":{"line":17,"column":57},"end":{"line":17,"column":63}}]},"10":{"loc":{"start":{"line":17,"column":63},"end":{"line":17,"column":70}},"type":"default-arg","locations":[{"start":{"line":17,"column":63},"end":{"line":17,"column":70}}]},"11":{"loc":{"start":{"line":17,"column":70},"end":{"line":17,"column":82}},"type":"default-arg","locations":[{"start":{"line":17,"column":70},"end":{"line":17,"column":82}}]},"12":{"loc":{"start":{"line":17,"column":82},"end":{"line":17,"column":null}},"type":"default-arg","locations":[{"start":{"line":17,"column":82},"end":{"line":17,"column":null}}]},"13":{"loc":{"start":{"line":39,"column":5},"end":{"line":40,"column":null}},"type":"if","locations":[{"start":{"line":39,"column":5},"end":{"line":40,"column":null}},{"start":{"line":39,"column":5},"end":{"line":40,"column":null}}]},"14":{"loc":{"start":{"line":39,"column":5},"end":{"line":39,"column":null}},"type":"binary-expr","locations":[{"start":{"line":39,"column":5},"end":{"line":39,"column":27}},{"start":{"line":39,"column":27},"end":{"line":39,"column":null}}]},"15":{"loc":{"start":{"line":44,"column":22},"end":{"line":44,"column":60}},"type":"cond-expr","locations":[{"start":{"line":44,"column":43},"end":{"line":44,"column":51}},{"start":{"line":44,"column":51},"end":{"line":44,"column":60}}]},"16":{"loc":{"start":{"line":44,"column":60},"end":{"line":44,"column":92}},"type":"binary-expr","locations":[{"start":{"line":44,"column":60},"end":{"line":44,"column":71}},{"start":{"line":44,"column":71},"end":{"line":44,"column":92}}]},"17":{"loc":{"start":{"line":45,"column":31},"end":{"line":45,"column":63}},"type":"binary-expr","locations":[{"start":{"line":45,"column":31},"end":{"line":45,"column":43}},{"start":{"line":45,"column":43},"end":{"line":45,"column":63}}]}},"s":{"0":0,"1":0,"2":0,"3":0,"4":0,"5":0,"6":0,"7":0,"8":0,"9":0},"f":{},"b":{"0":[0,0],"1":[0,0],"2":[0,0,0],"3":[0,0,0],"4":[0],"5":[0],"6":[0],"7":[0],"8":[0],"9":[0],"10":[0],"11":[0],"12":[0],"13":[0,0],"14":[0,0],"15":[0,0],"16":[0,0],"17":[0,0]}}
,"/Users/carey/Projects/Node/aft/ui/src/lib/components/Accordion/Example.svelte": {"path":"/Users/carey/Projects/Node/aft/ui/src/lib/components/Accordion/Example.svelte","statementMap":{"0":{"start":{"line":39,"column":23},"end":{"line":39,"column":null}},"1":{"start":{"line":40,"column":31},"end":{"line":43,"column":null}},"2":{"start":{"line":46,"column":23},"end":{"line":46,"column":null}},"3":{"start":{"line":47,"column":31},"end":{"line":50,"column":null}},"4":{"start":{"line":37,"column":19},"end":{"line":37,"column":null}},"5":{"start":{"line":36,"column":10},"end":{"line":36,"column":null}},"6":{"start":{"line":36,"column":5},"end":{"line":36,"column":9}},"7":{"start":{"line":34,"column":2},"end":{"line":34,"column":null}},"8":{"start":{"line":35,"column":2},"end":{"line":54,"column":null}},"9":{"start":{"line":63,"column":23},"end":{"line":63,"column":null}},"10":{"start":{"line":64,"column":31},"end":{"line":67,"column":null}},"11":{"start":{"line":70,"column":23},"end":{"line":70,"column":null}},"12":{"start":{"line":71,"column":31},"end":{"line":74,"column":null}},"13":{"start":{"line":61,"column":19},"end":{"line":61,"column":null}},"14":{"start":{"line":60,"column":10},"end":{"line":60,"column":null}},"15":{"start":{"line":60,"column":5},"end":{"line":60,"column":9}},"16":{"start":{"line":58,"column":2},"end":{"line":58,"column":null}},"17":{"start":{"line":59,"column":2},"end":{"line":78,"column":null}},"18":{"start":{"line":87,"column":23},"end":{"line":87,"column":null}},"19":{"start":{"line":88,"column":31},"end":{"line":91,"column":null}},"20":{"start":{"line":94,"column":23},"end":{"line":94,"column":null}},"21":{"start":{"line":95,"column":31},"end":{"line":98,"column":null}},"22":{"start":{"line":85,"column":19},"end":{"line":85,"column":null}},"23":{"start":{"line":84,"column":10},"end":{"line":84,"column":null}},"24":{"start":{"line":84,"column":5},"end":{"line":84,"column":9}},"25":{"start":{"line":82,"column":2},"end":{"line":82,"column":null}},"26":{"start":{"line":83,"column":2},"end":{"line":102,"column":null}},"27":{"start":{"line":29,"column":1},"end":{"line":31,"column":null}},"28":{"start":{"line":12,"column":15},"end":{"line":12,"column":null}},"29":{"start":{"line":14,"column":2},"end":{"line":14,"column":null}}},"fnMap":{},"branchMap":{},"s":{"0":0,"1":0,"2":0,"3":0,"4":0,"5":0,"6":0,"7":0,"8":0,"9":0,"10":0,"11":0,"12":0,"13":0,"14":0,"15":0,"16":0,"17":0,"18":0,"19":0,"20":0,"21":0,"22":0,"23":0,"24":0,"25":0,"26":0,"27":0,"28":0,"29":0},"f":{},"b":{}}
,"/Users/carey/Projects/Node/aft/ui/src/lib/components/Accordion/module.ts": {"path":"/Users/carey/Projects/Node/aft/ui/src/lib/components/Accordion/module.ts","statementMap":{"0":{"start":{"line":23,"column":65},"end":{"line":30,"column":null}}},"fnMap":{},"branchMap":{},"s":{"0":0},"f":{},"b":{}}
,"/Users/carey/Projects/Node/aft/ui/src/lib/components/AccordionButton/Component.svelte": {"path":"/Users/carey/Projects/Node/aft/ui/src/lib/components/AccordionButton/Component.svelte","statementMap":{"0":{"start":{"line":90,"column":27},"end":{"line":90,"column":31}},"1":{"start":{"line":90,"column":39},"end":{"line":90,"column":58}},"2":{"start":{"line":90,"column":58},"end":{"line":90,"column":null}},"3":{"start":{"line":88,"column":6},"end":{"line":88,"column":null}},"4":{"start":{"line":75,"column":0},"end":{"line":93,"column":null}},"5":{"start":{"line":85,"column":1},"end":{"line":87,"column":null}},"6":{"start":{"line":13,"column":17},"end":{"line":13,"column":null}},"7":{"start":{"line":14,"column":23},"end":{"line":14,"column":null}},"8":{"start":{"line":28,"column":2},"end":{"line":28,"column":null}},"9":{"start":{"line":43,"column":12},"end":{"line":43,"column":null}},"10":{"start":{"line":79,"column":17},"end":{"line":79,"column":null}},"11":{"start":{"line":39,"column":1},"end":{"line":39,"column":null}},"12":{"start":{"line":40,"column":1},"end":{"line":40,"column":null}},"13":{"start":{"line":41,"column":1},"end":{"line":41,"column":null}},"14":{"start":{"line":45,"column":1},"end":{"line":65,"column":null}},"15":{"start":{"line":67,"column":1},"end":{"line":72,"column":null}}},"fnMap":{"0":{"name":"(anonymous_33)","decl":{"start":{"line":79,"column":17},"end":{"line":79,"column":24}},"loc":{"start":{"line":79,"column":17},"end":{"line":79,"column":null}}}},"branchMap":{"0":{"loc":{"start":{"line":90,"column":39},"end":{"line":90,"column":58}},"type":"if","locations":[{"start":{"line":90,"column":39},"end":{"line":90,"column":58}},{"start":{"line":90,"column":39},"end":{"line":90,"column":58}}]},"1":{"loc":{"start":{"line":90,"column":58},"end":{"line":90,"column":null}},"type":"if","locations":[{"start":{"line":90,"column":58},"end":{"line":90,"column":null}},{"start":{"line":90,"column":58},"end":{"line":90,"column":null}}]},"2":{"loc":{"start":{"line":88,"column":6},"end":{"line":88,"column":null}},"type":"binary-expr","locations":[{"start":{"line":88,"column":6},"end":{"line":88,"column":null}},{"start":{"line":88,"column":16},"end":{"line":88,"column":null}}]},"3":{"loc":{"start":{"line":76,"column":8},"end":{"line":76,"column":null}},"type":"binary-expr","locations":[{"start":{"line":76,"column":8},"end":{"line":76,"column":11}},{"start":{"line":76,"column":8},"end":{"line":76,"column":11}},{"start":{"line":76,"column":8},"end":{"line":76,"column":null}},{"start":{"line":76,"column":11},"end":{"line":76,"column":null}}]},"4":{"loc":{"start":{"line":77,"column":19},"end":{"line":77,"column":22}},"type":"binary-expr","locations":[{"start":{"line":77,"column":19},"end":{"line":77,"column":22}},{"start":{"line":77,"column":19},"end":{"line":77,"column":22}},{"start":{"line":77,"column":19},"end":{"line":77,"column":null}}]},"5":{"loc":{"start":{"line":78,"column":5},"end":{"line":78,"column":null}},"type":"binary-expr","locations":[{"start":{"line":78,"column":5},"end":{"line":78,"column":16}},{"start":{"line":78,"column":5},"end":{"line":78,"column":null}}]},"6":{"loc":{"start":{"line":80,"column":8},"end":{"line":80,"column":null}},"type":"binary-expr","locations":[{"start":{"line":80,"column":8},"end":{"line":80,"column":30}},{"start":{"line":80,"column":8},"end":{"line":80,"column":30}},{"start":{"line":80,"column":8},"end":{"line":80,"column":null}}]},"7":{"loc":{"start":{"line":82,"column":16},"end":{"line":82,"column":null}},"type":"binary-expr","locations":[{"start":{"line":82,"column":16},"end":{"line":82,"column":26}},{"start":{"line":82,"column":16},"end":{"line":82,"column":26}},{"start":{"line":82,"column":16},"end":{"line":82,"column":null}}]},"8":{"loc":{"start":{"line":83,"column":16},"end":{"line":83,"column":null}},"type":"binary-expr","locations":[{"start":{"line":83,"column":16},"end":{"line":83,"column":24}},{"start":{"line":83,"column":16},"end":{"line":83,"column":24}},{"start":{"line":83,"column":16},"end":{"line":83,"column":null}}]},"9":{"loc":{"start":{"line":17,"column":2},"end":{"line":17,"column":null}},"type":"default-arg","locations":[{"start":{"line":17,"column":2},"end":{"line":17,"column":null}}]},"10":{"loc":{"start":{"line":18,"column":2},"end":{"line":18,"column":null}},"type":"default-arg","locations":[{"start":{"line":18,"column":2},"end":{"line":18,"column":null}}]},"11":{"loc":{"start":{"line":19,"column":2},"end":{"line":19,"column":null}},"type":"default-arg","locations":[{"start":{"line":19,"column":2},"end":{"line":19,"column":null}}]},"12":{"loc":{"start":{"line":20,"column":2},"end":{"line":20,"column":null}},"type":"default-arg","locations":[{"start":{"line":20,"column":2},"end":{"line":20,"column":null}}]},"13":{"loc":{"start":{"line":21,"column":2},"end":{"line":21,"column":null}},"type":"default-arg","locations":[{"start":{"line":21,"column":2},"end":{"line":21,"column":null}}]},"14":{"loc":{"start":{"line":22,"column":2},"end":{"line":22,"column":null}},"type":"default-arg","locations":[{"start":{"line":22,"column":2},"end":{"line":22,"column":null}}]},"15":{"loc":{"start":{"line":23,"column":2},"end":{"line":23,"column":null}},"type":"default-arg","locations":[{"start":{"line":23,"column":2},"end":{"line":23,"column":null}}]},"16":{"loc":{"start":{"line":24,"column":2},"end":{"line":24,"column":null}},"type":"default-arg","locations":[{"start":{"line":24,"column":2},"end":{"line":24,"column":null}}]},"17":{"loc":{"start":{"line":25,"column":2},"end":{"line":25,"column":null}},"type":"default-arg","locations":[{"start":{"line":25,"column":2},"end":{"line":25,"column":null}}]},"18":{"loc":{"start":{"line":26,"column":2},"end":{"line":26,"column":null}},"type":"default-arg","locations":[{"start":{"line":26,"column":2},"end":{"line":26,"column":null}}]},"19":{"loc":{"start":{"line":27,"column":2},"end":{"line":27,"column":null}},"type":"default-arg","locations":[{"start":{"line":27,"column":2},"end":{"line":27,"column":null}}]},"20":{"loc":{"start":{"line":28,"column":2},"end":{"line":28,"column":null}},"type":"default-arg","locations":[{"start":{"line":28,"column":2},"end":{"line":28,"column":null}}]},"21":{"loc":{"start":{"line":40,"column":13},"end":{"line":40,"column":null}},"type":"cond-expr","locations":[{"start":{"line":40,"column":36},"end":{"line":40,"column":45}},{"start":{"line":40,"column":36},"end":{"line":40,"column":null}}]},"22":{"loc":{"start":{"line":41,"column":17},"end":{"line":41,"column":null}},"type":"cond-expr","locations":[{"start":{"line":41,"column":27},"end":{"line":41,"column":39}},{"start":{"line":41,"column":34},"end":{"line":41,"column":null}}]},"23":{"loc":{"start":{"line":41,"column":34},"end":{"line":41,"column":null}},"type":"cond-expr","locations":[{"start":{"line":41,"column":52},"end":{"line":41,"column":63}},{"start":{"line":41,"column":63},"end":{"line":41,"column":null}}]},"24":{"loc":{"start":{"line":56,"column":31},"end":{"line":56,"column":64}},"type":"binary-expr","locations":[{"start":{"line":56,"column":31},"end":{"line":56,"column":43}},{"start":{"line":56,"column":43},"end":{"line":56,"column":64}}]},"25":{"loc":{"start":{"line":71,"column":3},"end":{"line":71,"column":65}},"type":"cond-expr","locations":[{"start":{"line":71,"column":40},"end":{"line":71,"column":50}},{"start":{"line":71,"column":50},"end":{"line":71,"column":65}}]},"26":{"loc":{"start":{"line":71,"column":65},"end":{"line":71,"column":86}},"type":"binary-expr","locations":[{"start":{"line":71,"column":65},"end":{"line":71,"column":79}},{"start":{"line":71,"column":79},"end":{"line":71,"column":86}}]}},"s":{"0":0,"1":0,"2":0,"3":0,"4":0,"5":0,"6":0,"7":0,"8":0,"9":0,"10":0,"11":0,"12":0,"13":0,"14":0,"15":0},"f":{"0":0},"b":{"0":[0,0],"1":[0,0],"2":[0,0],"3":[0,0,0,0],"4":[0,0,0],"5":[0,0],"6":[0,0,0],"7":[0,0,0],"8":[0,0,0],"9":[0],"10":[0],"11":[0],"12":[0],"13":[0],"14":[0],"15":[0],"16":[0],"17":[0],"18":[0],"19":[0],"20":[0],"21":[0,0],"22":[0,0],"23":[0,0],"24":[0,0],"25":[0,0],"26":[0,0]}}
,"/Users/carey/Projects/Node/aft/ui/src/lib/components/AccordionButton/config.ts": {"path":"/Users/carey/Projects/Node/aft/ui/src/lib/components/AccordionButton/config.ts","statementMap":{"0":{"start":{"line":16,"column":31},"end":{"line":20,"column":null}}},"fnMap":{},"branchMap":{},"s":{"0":0},"f":{},"b":{}}
,"/Users/carey/Projects/Node/aft/ui/src/lib/components/AccordionButton/module.ts": {"path":"/Users/carey/Projects/Node/aft/ui/src/lib/components/AccordionButton/module.ts","statementMap":{"0":{"start":{"line":17,"column":70},"end":{"line":24,"column":null}}},"fnMap":{},"branchMap":{},"s":{"0":0},"f":{},"b":{}}
,"/Users/carey/Projects/Node/aft/ui/src/lib/components/AccordionContent/Component.svelte": {"path":"/Users/carey/Projects/Node/aft/ui/src/lib/components/AccordionContent/Component.svelte","statementMap":{"0":{"start":{"line":37,"column":8},"end":{"line":37,"column":null}},"1":{"start":{"line":36,"column":1},"end":{"line":43,"column":null}},"2":{"start":{"line":40,"column":27},"end":{"line":40,"column":null}},"3":{"start":{"line":35,"column":5},"end":{"line":35,"column":null}},"4":{"start":{"line":13,"column":17},"end":{"line":13,"column":null}},"5":{"start":{"line":14,"column":23},"end":{"line":14,"column":null}},"6":{"start":{"line":16,"column":48},"end":{"line":16,"column":null}},"7":{"start":{"line":24,"column":12},"end":{"line":24,"column":null}},"8":{"start":{"line":26,"column":1},"end":{"line":32,"column":null}}},"fnMap":{},"branchMap":{"0":{"loc":{"start":{"line":37,"column":8},"end":{"line":37,"column":null}},"type":"binary-expr","locations":[{"start":{"line":37,"column":8},"end":{"line":37,"column":null}},{"start":{"line":37,"column":10},"end":{"line":37,"column":null}}]},"1":{"loc":{"start":{"line":38,"column":6},"end":{"line":38,"column":null}},"type":"binary-expr","locations":[{"start":{"line":38,"column":6},"end":{"line":38,"column":17}},{"start":{"line":38,"column":6},"end":{"line":38,"column":null}}]},"2":{"loc":{"start":{"line":40,"column":27},"end":{"line":40,"column":null}},"type":"if","locations":[{"start":{"line":40,"column":27},"end":{"line":40,"column":null}},{"start":{"line":40,"column":27},"end":{"line":40,"column":null}}]},"3":{"loc":{"start":{"line":35,"column":5},"end":{"line":35,"column":null}},"type":"if","locations":[{"start":{"line":35,"column":5},"end":{"line":35,"column":null}},{"start":{"line":35,"column":5},"end":{"line":35,"column":null}}]},"4":{"loc":{"start":{"line":16,"column":14},"end":{"line":16,"column":18}},"type":"default-arg","locations":[{"start":{"line":16,"column":14},"end":{"line":16,"column":18}}]},"5":{"loc":{"start":{"line":16,"column":18},"end":{"line":16,"column":23}},"type":"default-arg","locations":[{"start":{"line":16,"column":18},"end":{"line":16,"column":23}}]},"6":{"loc":{"start":{"line":16,"column":23},"end":{"line":16,"column":29}},"type":"default-arg","locations":[{"start":{"line":16,"column":23},"end":{"line":16,"column":29}}]},"7":{"loc":{"start":{"line":16,"column":29},"end":{"line":16,"column":36}},"type":"default-arg","locations":[{"start":{"line":16,"column":29},"end":{"line":16,"column":36}}]},"8":{"loc":{"start":{"line":16,"column":36},"end":{"line":16,"column":48}},"type":"default-arg","locations":[{"start":{"line":16,"column":36},"end":{"line":16,"column":48}}]},"9":{"loc":{"start":{"line":16,"column":48},"end":{"line":16,"column":null}},"type":"default-arg","locations":[{"start":{"line":16,"column":48},"end":{"line":16,"column":null}}]}},"s":{"0":0,"1":0,"2":0,"3":0,"4":0,"5":0,"6":0,"7":0,"8":0},"f":{},"b":{"0":[0,0],"1":[0,0],"2":[0,0],"3":[0,0],"4":[0],"5":[0],"6":[0],"7":[0],"8":[0],"9":[0]}}
,"/Users/carey/Projects/Node/aft/ui/src/lib/components/AccordionContent/config.ts": {"path":"/Users/carey/Projects/Node/aft/ui/src/lib/components/AccordionContent/config.ts","statementMap":{"0":{"start":{"line":4,"column":32},"end":{"line":8,"column":null}}},"fnMap":{},"branchMap":{},"s":{"0":0},"f":{},"b":{}}
,"/Users/carey/Projects/Node/aft/ui/src/lib/components/AccordionContent/module.ts": {"path":"/Users/carey/Projects/Node/aft/ui/src/lib/components/AccordionContent/module.ts","statementMap":{"0":{"start":{"line":15,"column":79},"end":{"line":19,"column":null}}},"fnMap":{},"branchMap":{},"s":{"0":0},"f":{},"b":{}}
,"/Users/carey/Projects/Node/aft/ui/src/lib/components/AccordionOption/Component.svelte": {"path":"/Users/carey/Projects/Node/aft/ui/src/lib/components/AccordionOption/Component.svelte","statementMap":{"0":{"start":{"line":36,"column":7},"end":{"line":36,"column":null}},"1":{"start":{"line":35,"column":0},"end":{"line":43,"column":null}},"2":{"start":{"line":12,"column":17},"end":{"line":12,"column":null}},"3":{"start":{"line":14,"column":53},"end":{"line":14,"column":null}},"4":{"start":{"line":21,"column":1},"end":{"line":22,"column":null}},"5":{"start":{"line":26,"column":12},"end":{"line":26,"column":null}},"6":{"start":{"line":25,"column":1},"end":{"line":25,"column":null}},"7":{"start":{"line":28,"column":1},"end":{"line":32,"column":null}}},"fnMap":{},"branchMap":{"0":{"loc":{"start":{"line":36,"column":7},"end":{"line":36,"column":null}},"type":"binary-expr","locations":[{"start":{"line":36,"column":7},"end":{"line":36,"column":null}},{"start":{"line":36,"column":9},"end":{"line":36,"column":null}}]},"1":{"loc":{"start":{"line":37,"column":8},"end":{"line":37,"column":null}},"type":"binary-expr","locations":[{"start":{"line":37,"column":8},"end":{"line":37,"column":11}},{"start":{"line":37,"column":8},"end":{"line":37,"column":11}},{"start":{"line":37,"column":8},"end":{"line":37,"column":null}},{"start":{"line":37,"column":11},"end":{"line":37,"column":null}}]},"2":{"loc":{"start":{"line":38,"column":21},"end":{"line":38,"column":24}},"type":"binary-expr","locations":[{"start":{"line":38,"column":21},"end":{"line":38,"column":24}},{"start":{"line":38,"column":21},"end":{"line":38,"column":24}},{"start":{"line":38,"column":21},"end":{"line":38,"column":null}}]},"3":{"loc":{"start":{"line":39,"column":5},"end":{"line":39,"column":null}},"type":"binary-expr","locations":[{"start":{"line":39,"column":5},"end":{"line":39,"column":16}},{"start":{"line":39,"column":5},"end":{"line":39,"column":null}}]},"4":{"loc":{"start":{"line":40,"column":8},"end":{"line":40,"column":null}},"type":"binary-expr","locations":[{"start":{"line":40,"column":8},"end":{"line":40,"column":24}},{"start":{"line":40,"column":8},"end":{"line":40,"column":24}},{"start":{"line":40,"column":8},"end":{"line":40,"column":null}}]},"5":{"loc":{"start":{"line":14,"column":14},"end":{"line":14,"column":18}},"type":"default-arg","locations":[{"start":{"line":14,"column":14},"end":{"line":14,"column":18}}]},"6":{"loc":{"start":{"line":14,"column":18},"end":{"line":14,"column":26}},"type":"default-arg","locations":[{"start":{"line":14,"column":18},"end":{"line":14,"column":26}}]},"7":{"loc":{"start":{"line":14,"column":26},"end":{"line":14,"column":31}},"type":"default-arg","locations":[{"start":{"line":14,"column":26},"end":{"line":14,"column":31}}]},"8":{"loc":{"start":{"line":14,"column":31},"end":{"line":14,"column":40}},"type":"default-arg","locations":[{"start":{"line":14,"column":31},"end":{"line":14,"column":40}}]},"9":{"loc":{"start":{"line":14,"column":40},"end":{"line":14,"column":46}},"type":"default-arg","locations":[{"start":{"line":14,"column":40},"end":{"line":14,"column":46}}]},"10":{"loc":{"start":{"line":14,"column":46},"end":{"line":14,"column":53}},"type":"default-arg","locations":[{"start":{"line":14,"column":46},"end":{"line":14,"column":53}}]},"11":{"loc":{"start":{"line":14,"column":53},"end":{"line":14,"column":null}},"type":"default-arg","locations":[{"start":{"line":14,"column":53},"end":{"line":14,"column":null}}]}},"s":{"0":0,"1":0,"2":0,"3":0,"4":0,"5":0,"6":0,"7":0},"f":{},"b":{"0":[0,0],"1":[0,0,0,0],"2":[0,0,0],"3":[0,0],"4":[0,0,0],"5":[0],"6":[0],"7":[0],"8":[0],"9":[0],"10":[0],"11":[0]}}
,"/Users/carey/Projects/Node/aft/ui/src/lib/components/AccordionOption/module.ts": {"path":"/Users/carey/Projects/Node/aft/ui/src/lib/components/AccordionOption/module.ts","statementMap":{"0":{"start":{"line":20,"column":77},"end":{"line":25,"column":null}}},"fnMap":{},"branchMap":{},"s":{"0":0},"f":{},"b":{}}
,"/Users/carey/Projects/Node/aft/ui/src/lib/components/Avatar/Component.svelte": {"path":"/Users/carey/Projects/Node/aft/ui/src/lib/components/Avatar/Component.svelte","statementMap":{"0":{"start":{"line":97,"column":1},"end":{"line":97,"column":null}},"1":{"start":{"line":94,"column":15},"end":{"line":94,"column":43}},"2":{"start":{"line":92,"column":1},"end":{"line":95,"column":null}},"3":{"start":{"line":93,"column":2},"end":{"line":93,"column":null}},"4":{"start":{"line":94,"column":2},"end":{"line":94,"column":null}},"5":{"start":{"line":87,"column":7},"end":{"line":87,"column":null}},"6":{"start":{"line":85,"column":14},"end":{"line":85,"column":null}},"7":{"start":{"line":85,"column":1},"end":{"line":90,"column":null}},"8":{"start":{"line":86,"column":14},"end":{"line":86,"column":null}},"9":{"start":{"line":88,"column":16},"end":{"line":88,"column":44}},"10":{"start":{"line":88,"column":3},"end":{"line":88,"column":null}},"11":{"start":{"line":84,"column":5},"end":{"line":84,"column":null}},"12":{"start":{"line":84,"column":17},"end":{"line":84,"column":null}},"13":{"start":{"line":91,"column":10},"end":{"line":91,"column":null}},"14":{"start":{"line":91,"column":22},"end":{"line":91,"column":null}},"15":{"start":{"line":18,"column":17},"end":{"line":18,"column":null}},"16":{"start":{"line":29,"column":2},"end":{"line":32,"column":null}},"17":{"start":{"line":29,"column":2},"end":{"line":29,"column":null}},"18":{"start":{"line":35,"column":20},"end":{"line":35,"column":null}},"19":{"start":{"line":36,"column":5},"end":{"line":36,"column":null}},"20":{"start":{"line":36,"column":27},"end":{"line":36,"column":null}},"21":{"start":{"line":38,"column":21},"end":{"line":38,"column":null}},"22":{"start":{"line":39,"column":5},"end":{"line":39,"column":null}},"23":{"start":{"line":39,"column":28},"end":{"line":39,"column":null}},"24":{"start":{"line":41,"column":12},"end":{"line":41,"column":null}},"25":{"start":{"line":81,"column":25},"end":{"line":81,"column":null}},"26":{"start":{"line":43,"column":1},"end":{"line":51,"column":null}},"27":{"start":{"line":53,"column":1},"end":{"line":66,"column":null}},"28":{"start":{"line":68,"column":1},"end":{"line":79,"column":null}}},"fnMap":{},"branchMap":{"0":{"loc":{"start":{"line":97,"column":50},"end":{"line":97,"column":70}},"type":"binary-expr","locations":[{"start":{"line":97,"column":50},"end":{"line":97,"column":61}},{"start":{"line":97,"column":50},"end":{"line":97,"column":70}}]},"1":{"loc":{"start":{"line":97,"column":70},"end":{"line":97,"column":86}},"type":"binary-expr","locations":[{"start":{"line":97,"column":70},"end":{"line":97,"column":83}},{"start":{"line":97,"column":70},"end":{"line":97,"column":86}}]},"2":{"loc":{"start":{"line":93,"column":51},"end":{"line":93,"column":71}},"type":"binary-expr","locations":[{"start":{"line":93,"column":51},"end":{"line":93,"column":62}},{"start":{"line":93,"column":51},"end":{"line":93,"column":71}}]},"3":{"loc":{"start":{"line":93,"column":71},"end":{"line":93,"column":87}},"type":"binary-expr","locations":[{"start":{"line":93,"column":71},"end":{"line":93,"column":84}},{"start":{"line":93,"column":71},"end":{"line":93,"column":87}}]},"4":{"loc":{"start":{"line":87,"column":7},"end":{"line":87,"column":null}},"type":"binary-expr","locations":[{"start":{"line":87,"column":7},"end":{"line":87,"column":null}},{"start":{"line":87,"column":19},"end":{"line":87,"column":null}}]},"5":{"loc":{"start":{"line":86,"column":14},"end":{"line":86,"column":null}},"type":"if","locations":[{"start":{"line":86,"column":14},"end":{"line":86,"column":null}},{"start":{"line":86,"column":14},"end":{"line":86,"column":null}}]},"6":{"loc":{"start":{"line":84,"column":5},"end":{"line":84,"column":null}},"type":"if","locations":[{"start":{"line":84,"column":5},"end":{"line":84,"column":null}},{"start":{"line":84,"column":5},"end":{"line":84,"column":null}}]},"7":{"loc":{"start":{"line":91,"column":10},"end":{"line":91,"column":null}},"type":"if","locations":[{"start":{"line":91,"column":10},"end":{"line":91,"column":null}},{"start":{"line":91,"column":10},"end":{"line":91,"column":null}}]},"8":{"loc":{"start":{"line":21,"column":2},"end":{"line":21,"column":null}},"type":"default-arg","locations":[{"start":{"line":21,"column":2},"end":{"line":21,"column":null}}]},"9":{"loc":{"start":{"line":22,"column":2},"end":{"line":22,"column":null}},"type":"default-arg","locations":[{"start":{"line":22,"column":2},"end":{"line":22,"column":null}}]},"10":{"loc":{"start":{"line":23,"column":2},"end":{"line":23,"column":null}},"type":"default-arg","locations":[{"start":{"line":23,"column":2},"end":{"line":23,"column":null}}]},"11":{"loc":{"start":{"line":24,"column":2},"end":{"line":24,"column":null}},"type":"default-arg","locations":[{"start":{"line":24,"column":2},"end":{"line":24,"column":null}}]},"12":{"loc":{"start":{"line":25,"column":2},"end":{"line":25,"column":null}},"type":"default-arg","locations":[{"start":{"line":25,"column":2},"end":{"line":25,"column":null}}]},"13":{"loc":{"start":{"line":26,"column":2},"end":{"line":26,"column":null}},"type":"default-arg","locations":[{"start":{"line":26,"column":2},"end":{"line":26,"column":null}}]},"14":{"loc":{"start":{"line":27,"column":2},"end":{"line":27,"column":null}},"type":"default-arg","locations":[{"start":{"line":27,"column":2},"end":{"line":27,"column":null}}]},"15":{"loc":{"start":{"line":28,"column":2},"end":{"line":28,"column":null}},"type":"default-arg","locations":[{"start":{"line":28,"column":2},"end":{"line":28,"column":null}}]},"16":{"loc":{"start":{"line":29,"column":2},"end":{"line":29,"column":null}},"type":"default-arg","locations":[{"start":{"line":29,"column":2},"end":{"line":29,"column":null}}]},"17":{"loc":{"start":{"line":36,"column":5},"end":{"line":36,"column":null}},"type":"if","locations":[{"start":{"line":36,"column":5},"end":{"line":36,"column":null}},{"start":{"line":36,"column":5},"end":{"line":36,"column":null}}]},"18":{"loc":{"start":{"line":39,"column":5},"end":{"line":39,"column":null}},"type":"if","locations":[{"start":{"line":39,"column":5},"end":{"line":39,"column":null}},{"start":{"line":39,"column":5},"end":{"line":39,"column":null}}]},"19":{"loc":{"start":{"line":54,"column":3},"end":{"line":66,"column":null}},"type":"binary-expr","locations":[{"start":{"line":54,"column":3},"end":{"line":54,"column":null}},{"start":{"line":55,"column":3},"end":{"line":65,"column":null}},{"start":{"line":66,"column":2},"end":{"line":66,"column":null}}]},"20":{"loc":{"start":{"line":69,"column":3},"end":{"line":79,"column":null}},"type":"binary-expr","locations":[{"start":{"line":69,"column":3},"end":{"line":69,"column":null}},{"start":{"line":70,"column":3},"end":{"line":78,"column":null}},{"start":{"line":79,"column":2},"end":{"line":79,"column":null}}]}},"s":{"0":0,"1":0,"2":0,"3":0,"4":0,"5":0,"6":0,"7":0,"8":0,"9":0,"10":0,"11":0,"12":0,"13":0,"14":0,"15":0,"16":0,"17":0,"18":0,"19":0,"20":0,"21":0,"22":0,"23":0,"24":0,"25":0,"26":0,"27":0,"28":0},"f":{},"b":{"0":[0,0],"1":[0,0],"2":[0,0],"3":[0,0],"4":[0,0],"5":[0,0],"6":[0,0],"7":[0,0],"8":[0],"9":[0],"10":[0],"11":[0],"12":[0],"13":[0],"14":[0],"15":[0],"16":[0],"17":[0,0],"18":[0,0],"19":[0,0,0],"20":[0,0,0]}}
,"/Users/carey/Projects/Node/aft/ui/src/lib/components/Avatar/Example.svelte": {"path":"/Users/carey/Projects/Node/aft/ui/src/lib/components/Avatar/Example.svelte","statementMap":{"0":{"start":{"line":102,"column":12},"end":{"line":102,"column":null}},"1":{"start":{"line":102,"column":7},"end":{"line":102,"column":11}},"2":{"start":{"line":37,"column":9},"end":{"line":37,"column":null}},"3":{"start":{"line":37,"column":4},"end":{"line":37,"column":8}},"4":{"start":{"line":51,"column":9},"end":{"line":51,"column":null}},"5":{"start":{"line":51,"column":4},"end":{"line":51,"column":8}},"6":{"start":{"line":58,"column":9},"end":{"line":58,"column":null}},"7":{"start":{"line":58,"column":4},"end":{"line":58,"column":8}},"8":{"start":{"line":72,"column":9},"end":{"line":72,"column":null}},"9":{"start":{"line":72,"column":4},"end":{"line":72,"column":8}},"10":{"start":{"line":81,"column":9},"end":{"line":81,"column":null}},"11":{"start":{"line":81,"column":4},"end":{"line":81,"column":8}},"12":{"start":{"line":88,"column":9},"end":{"line":88,"column":null}},"13":{"start":{"line":88,"column":4},"end":{"line":88,"column":8}},"14":{"start":{"line":70,"column":42},"end":{"line":70,"column":92}},"15":{"start":{"line":77,"column":41},"end":{"line":78,"column":53}},"16":{"start":{"line":86,"column":42},"end":{"line":86,"column":91}},"17":{"start":{"line":35,"column":1},"end":{"line":35,"column":null}},"18":{"start":{"line":36,"column":1},"end":{"line":47,"column":null}},"19":{"start":{"line":49,"column":1},"end":{"line":49,"column":null}},"20":{"start":{"line":50,"column":1},"end":{"line":54,"column":null}},"21":{"start":{"line":56,"column":1},"end":{"line":56,"column":null}},"22":{"start":{"line":57,"column":1},"end":{"line":68,"column":null}},"23":{"start":{"line":70,"column":1},"end":{"line":70,"column":null}},"24":{"start":{"line":70,"column":55},"end":{"line":70,"column":97}},"25":{"start":{"line":71,"column":1},"end":{"line":75,"column":null}},"26":{"start":{"line":77,"column":1},"end":{"line":79,"column":null}},"27":{"start":{"line":78,"column":15},"end":{"line":78,"column":null}},"28":{"start":{"line":80,"column":1},"end":{"line":84,"column":null}},"29":{"start":{"line":86,"column":1},"end":{"line":86,"column":null}},"30":{"start":{"line":86,"column":55},"end":{"line":86,"column":96}},"31":{"start":{"line":87,"column":1},"end":{"line":91,"column":null}},"32":{"start":{"line":93,"column":1},"end":{"line":108,"column":null}},"33":{"start":{"line":94,"column":2},"end":{"line":97,"column":null}},"34":{"start":{"line":95,"column":3},"end":{"line":95,"column":null}},"35":{"start":{"line":98,"column":2},"end":{"line":107,"column":null}},"36":{"start":{"line":99,"column":3},"end":{"line":99,"column":null}},"37":{"start":{"line":8,"column":15},"end":{"line":8,"column":null}},"38":{"start":{"line":9,"column":7},"end":{"line":9,"column":null}}},"fnMap":{},"branchMap":{"0":{"loc":{"start":{"line":39,"column":9},"end":{"line":39,"column":null}},"type":"binary-expr","locations":[{"start":{"line":39,"column":9},"end":{"line":39,"column":20}},{"start":{"line":39,"column":20},"end":{"line":39,"column":null}}]},"1":{"loc":{"start":{"line":52,"column":16},"end":{"line":52,"column":69}},"type":"binary-expr","locations":[{"start":{"line":52,"column":16},"end":{"line":52,"column":27}},{"start":{"line":52,"column":27},"end":{"line":52,"column":69}}]},"2":{"loc":{"start":{"line":60,"column":9},"end":{"line":60,"column":null}},"type":"binary-expr","locations":[{"start":{"line":60,"column":9},"end":{"line":60,"column":20}},{"start":{"line":60,"column":20},"end":{"line":60,"column":null}}]}},"s":{"0":0,"1":0,"2":0,"3":0,"4":0,"5":0,"6":0,"7":0,"8":0,"9":0,"10":0,"11":0,"12":0,"13":0,"14":0,"15":0,"16":0,"17":0,"18":0,"19":0,"20":0,"21":0,"22":0,"23":0,"24":0,"25":0,"26":0,"27":0,"28":0,"29":0,"30":0,"31":0,"32":0,"33":0,"34":0,"35":0,"36":0,"37":0,"38":0},"f":{},"b":{"0":[0,0],"1":[0,0],"2":[0,0]}}
,"/Users/carey/Projects/Node/aft/ui/src/lib/components/Avatar/config.ts": {"path":"/Users/carey/Projects/Node/aft/ui/src/lib/components/Avatar/config.ts","statementMap":{"0":{"start":{"line":3,"column":22},"end":{"line":7,"column":null}}},"fnMap":{},"branchMap":{},"s":{"0":0},"f":{},"b":{}}
,"/Users/carey/Projects/Node/aft/ui/src/lib/components/Avatar/module.ts": {"path":"/Users/carey/Projects/Node/aft/ui/src/lib/components/Avatar/module.ts","statementMap":{"0":{"start":{"line":33,"column":52},"end":{"line":37,"column":null}}},"fnMap":{},"branchMap":{},"s":{"0":0},"f":{},"b":{}}
,"/Users/carey/Projects/Node/aft/ui/src/lib/components/Avatar/options.ts": {"path":"/Users/carey/Projects/Node/aft/ui/src/lib/components/Avatar/options.ts","statementMap":{"0":{"start":{"line":1,"column":27},"end":{"line":9,"column":null}},"1":{"start":{"line":11,"column":39},"end":{"line":19,"column":null}}},"fnMap":{},"branchMap":{},"s":{"0":0,"1":0},"f":{},"b":{}}
,"/Users/carey/Projects/Node/aft/ui/src/lib/components/AvatarStack/Component.svelte": {"path":"/Users/carey/Projects/Node/aft/ui/src/lib/components/AvatarStack/Component.svelte","statementMap":{"0":{"start":{"line":41,"column":27},"end":{"line":41,"column":null}},"1":{"start":{"line":41,"column":0},"end":{"line":43,"column":null}},"2":{"start":{"line":9,"column":14},"end":{"line":10,"column":null}},"3":{"start":{"line":9,"column":14},"end":{"line":9,"column":null}},"4":{"start":{"line":32,"column":6},"end":{"line":32,"column":null}},"5":{"start":{"line":32,"column":20},"end":{"line":32,"column":null}},"6":{"start":{"line":33,"column":8},"end":{"line":33,"column":null}},"7":{"start":{"line":35,"column":16},"end":{"line":35,"column":null}},"8":{"start":{"line":36,"column":3},"end":{"line":36,"column":null}},"9":{"start":{"line":41,"column":16},"end":{"line":41,"column":27}},"10":{"start":{"line":22,"column":1},"end":{"line":27,"column":null}}},"fnMap":{},"branchMap":{"0":{"loc":{"start":{"line":41,"column":27},"end":{"line":41,"column":47}},"type":"binary-expr","locations":[{"start":{"line":41,"column":27},"end":{"line":41,"column":38}},{"start":{"line":41,"column":27},"end":{"line":41,"column":47}}]},"1":{"loc":{"start":{"line":41,"column":47},"end":{"line":41,"column":null}},"type":"binary-expr","locations":[{"start":{"line":41,"column":47},"end":{"line":41,"column":65}},{"start":{"line":41,"column":47},"end":{"line":41,"column":65}},{"start":{"line":41,"column":47},"end":{"line":41,"column":null}}]},"2":{"loc":{"start":{"line":9,"column":14},"end":{"line":9,"column":null}},"type":"default-arg","locations":[{"start":{"line":9,"column":14},"end":{"line":9,"column":null}}]},"3":{"loc":{"start":{"line":32,"column":6},"end":{"line":32,"column":null}},"type":"if","locations":[{"start":{"line":32,"column":6},"end":{"line":32,"column":null}},{"start":{"line":32,"column":6},"end":{"line":32,"column":null}}]}},"s":{"0":0,"1":0,"2":0,"3":0,"4":0,"5":0,"6":0,"7":0,"8":0,"9":0,"10":0},"f":{},"b":{"0":[0,0],"1":[0,0,0],"2":[0],"3":[0,0]}}
,"/Users/carey/Projects/Node/aft/ui/src/lib/components/AvatarStack/module.ts": {"path":"/Users/carey/Projects/Node/aft/ui/src/lib/components/AvatarStack/module.ts","statementMap":{"0":{"start":{"line":13,"column":62},"end":{"line":15,"column":null}}},"fnMap":{},"branchMap":{},"s":{"0":0},"f":{},"b":{}}
,"/Users/carey/Projects/Node/aft/ui/src/lib/components/Badge/Component.svelte": {"path":"/Users/carey/Projects/Node/aft/ui/src/lib/components/Badge/Component.svelte","statementMap":{"0":{"start":{"line":37,"column":22},"end":{"line":37,"column":null}},"1":{"start":{"line":37,"column":2},"end":{"line":39,"column":null}},"2":{"start":{"line":36,"column":7},"end":{"line":36,"column":null}},"3":{"start":{"line":36,"column":16},"end":{"line":36,"column":null}},"4":{"start":{"line":35,"column":10},"end":{"line":35,"column":null}},"5":{"start":{"line":35,"column":0},"end":{"line":43,"column":null}},"6":{"start":{"line":8,"column":86},"end":{"line":10,"column":null}},"7":{"start":{"line":8,"column":86},"end":{"line":8,"column":null}},"8":{"start":{"line":13,"column":12},"end":{"line":13,"column":null}},"9":{"start":{"line":15,"column":1},"end":{"line":32,"column":null}}},"fnMap":{},"branchMap":{"0":{"loc":{"start":{"line":36,"column":7},"end":{"line":36,"column":null}},"type":"if","locations":[{"start":{"line":36,"column":7},"end":{"line":36,"column":null}},{"start":{"line":36,"column":7},"end":{"line":36,"column":null}}]},"1":{"loc":{"start":{"line":35,"column":10},"end":{"line":35,"column":30}},"type":"binary-expr","locations":[{"start":{"line":35,"column":10},"end":{"line":35,"column":21}},{"start":{"line":35,"column":10},"end":{"line":35,"column":30}}]},"2":{"loc":{"start":{"line":35,"column":30},"end":{"line":35,"column":null}},"type":"binary-expr","locations":[{"start":{"line":35,"column":30},"end":{"line":35,"column":42}},{"start":{"line":35,"column":30},"end":{"line":35,"column":42}},{"start":{"line":35,"column":30},"end":{"line":35,"column":null}}]},"3":{"loc":{"start":{"line":8,"column":14},"end":{"line":8,"column":25}},"type":"default-arg","locations":[{"start":{"line":8,"column":14},"end":{"line":8,"column":25}}]},"4":{"loc":{"start":{"line":8,"column":25},"end":{"line":8,"column":31}},"type":"default-arg","locations":[{"start":{"line":8,"column":25},"end":{"line":8,"column":31}}]},"5":{"loc":{"start":{"line":8,"column":31},"end":{"line":8,"column":40}},"type":"default-arg","locations":[{"start":{"line":8,"column":31},"end":{"line":8,"column":40}}]},"6":{"loc":{"start":{"line":8,"column":40},"end":{"line":8,"column":50}},"type":"default-arg","locations":[{"start":{"line":8,"column":40},"end":{"line":8,"column":50}}]},"7":{"loc":{"start":{"line":8,"column":50},"end":{"line":8,"column":56}},"type":"default-arg","locations":[{"start":{"line":8,"column":50},"end":{"line":8,"column":56}}]},"8":{"loc":{"start":{"line":8,"column":56},"end":{"line":8,"column":63}},"type":"default-arg","locations":[{"start":{"line":8,"column":56},"end":{"line":8,"column":63}}]},"9":{"loc":{"start":{"line":8,"column":63},"end":{"line":8,"column":77}},"type":"default-arg","locations":[{"start":{"line":8,"column":63},"end":{"line":8,"column":77}}]},"10":{"loc":{"start":{"line":8,"column":77},"end":{"line":8,"column":86}},"type":"default-arg","locations":[{"start":{"line":8,"column":77},"end":{"line":8,"column":86}}]},"11":{"loc":{"start":{"line":8,"column":86},"end":{"line":8,"column":null}},"type":"default-arg","locations":[{"start":{"line":8,"column":86},"end":{"line":8,"column":null}}]},"12":{"loc":{"start":{"line":15,"column":19},"end":{"line":32,"column":null}},"type":"cond-expr","locations":[{"start":{"line":16,"column":4},"end":{"line":16,"column":null}},{"start":{"line":17,"column":4},"end":{"line":32,"column":null}}]},"13":{"loc":{"start":{"line":23,"column":34},"end":{"line":23,"column":52}},"type":"binary-expr","locations":[{"start":{"line":23,"column":34},"end":{"line":23,"column":43}},{"start":{"line":23,"column":34},"end":{"line":23,"column":52}}]}},"s":{"0":0,"1":0,"2":0,"3":0,"4":0,"5":0,"6":0,"7":0,"8":0,"9":0},"f":{},"b":{"0":[0,0],"1":[0,0],"2":[0,0,0],"3":[0],"4":[0],"5":[0],"6":[0],"7":[0],"8":[0],"9":[0],"10":[0],"11":[0],"12":[0,0],"13":[0,0]}}
,"/Users/carey/Projects/Node/aft/ui/src/lib/components/Badge/Example.svelte": {"path":"/Users/carey/Projects/Node/aft/ui/src/lib/components/Badge/Example.svelte","statementMap":{"0":{"start":{"line":33,"column":36},"end":{"line":33,"column":null}},"1":{"start":{"line":37,"column":55},"end":{"line":37,"column":null}},"2":{"start":{"line":41,"column":52},"end":{"line":41,"column":null}},"3":{"start":{"line":33,"column":15},"end":{"line":33,"column":36}},"4":{"start":{"line":37,"column":15},"end":{"line":37,"column":55}},"5":{"start":{"line":41,"column":15},"end":{"line":41,"column":52}},"6":{"start":{"line":31,"column":2},"end":{"line":43,"column":null}},"7":{"start":{"line":32,"column":3},"end":{"line":34,"column":null}},"8":{"start":{"line":36,"column":3},"end":{"line":38,"column":null}},"9":{"start":{"line":40,"column":3},"end":{"line":42,"column":null}},"10":{"start":{"line":30,"column":8},"end":{"line":30,"column":null}},"11":{"start":{"line":30,"column":3},"end":{"line":30,"column":7}},"12":{"start":{"line":13,"column":15},"end":{"line":13,"column":null}},"13":{"start":{"line":14,"column":21},"end":{"line":14,"column":null}}},"fnMap":{},"branchMap":{"0":{"loc":{"start":{"line":33,"column":15},"end":{"line":33,"column":29}},"type":"cond-expr","locations":[{"start":{"line":33,"column":15},"end":{"line":33,"column":29}}]}},"s":{"0":0,"1":0,"2":0,"3":0,"4":0,"5":0,"6":0,"7":0,"8":0,"9":0,"10":0,"11":0,"12":0,"13":0},"f":{},"b":{"0":[0]}}
,"/Users/carey/Projects/Node/aft/ui/src/lib/components/Badge/config.ts": {"path":"/Users/carey/Projects/Node/aft/ui/src/lib/components/Badge/config.ts","statementMap":{"0":{"start":{"line":3,"column":21},"end":{"line":7,"column":null}}},"fnMap":{},"branchMap":{},"s":{"0":0},"f":{},"b":{}}
,"/Users/carey/Projects/Node/aft/ui/src/lib/components/Badge/module.ts": {"path":"/Users/carey/Projects/Node/aft/ui/src/lib/components/Badge/module.ts","statementMap":{"0":{"start":{"line":24,"column":50},"end":{"line":28,"column":null}}},"fnMap":{},"branchMap":{},"s":{"0":0},"f":{},"b":{}}
,"/Users/carey/Projects/Node/aft/ui/src/lib/components/Badge/options.ts": {"path":"/Users/carey/Projects/Node/aft/ui/src/lib/components/Badge/options.ts","statementMap":{"0":{"start":{"line":1,"column":30},"end":{"line":9,"column":null}},"1":{"start":{"line":11,"column":28},"end":{"line":19,"column":null}},"2":{"start":{"line":24,"column":33},"end":{"line":33,"column":null}},"3":{"start":{"line":35,"column":30},"end":{"line":43,"column":null}}},"fnMap":{},"branchMap":{},"s":{"0":0,"1":0,"2":0,"3":0},"f":{},"b":{}}
,"/Users/carey/Projects/Node/aft/ui/src/lib/components/Breadcrumb/Component.svelte": {"path":"/Users/carey/Projects/Node/aft/ui/src/lib/components/Breadcrumb/Component.svelte","statementMap":{"0":{"start":{"line":91,"column":10},"end":{"line":91,"column":null}},"1":{"start":{"line":91,"column":5},"end":{"line":91,"column":9}},"2":{"start":{"line":92,"column":26},"end":{"line":92,"column":null}},"3":{"start":{"line":90,"column":7},"end":{"line":90,"column":null}},"4":{"start":{"line":89,"column":29},"end":{"line":89,"column":null}},"5":{"start":{"line":88,"column":12},"end":{"line":88,"column":null}},"6":{"start":{"line":88,"column":0},"end":{"line":97,"column":null}},"7":{"start":{"line":89,"column":1},"end":{"line":96,"column":null}},"8":{"start":{"line":14,"column":76},"end":{"line":15,"column":null}},"9":{"start":{"line":14,"column":76},"end":{"line":14,"column":null}},"10":{"start":{"line":27,"column":1},"end":{"line":28,"column":null}},"11":{"start":{"line":31,"column":12},"end":{"line":31,"column":null}},"12":{"start":{"line":57,"column":25},"end":{"line":57,"column":null}},"13":{"start":{"line":60,"column":8},"end":{"line":63,"column":null}},"14":{"start":{"line":63,"column":18},"end":{"line":63,"column":26}},"15":{"start":{"line":64,"column":7},"end":{"line":64,"column":null}},"16":{"start":{"line":64,"column":13},"end":{"line":64,"column":null}},"17":{"start":{"line":65,"column":8},"end":{"line":65,"column":null}},"18":{"start":{"line":67,"column":3},"end":{"line":67,"column":null}},"19":{"start":{"line":68,"column":3},"end":{"line":68,"column":null}},"20":{"start":{"line":69,"column":17},"end":{"line":69,"column":null}},"21":{"start":{"line":70,"column":9},"end":{"line":70,"column":null}},"22":{"start":{"line":84,"column":9},"end":{"line":84,"column":null}},"23":{"start":{"line":35,"column":1},"end":{"line":48,"column":null}},"24":{"start":{"line":50,"column":1},"end":{"line":55,"column":null}},"25":{"start":{"line":33,"column":1},"end":{"line":33,"column":null}}},"fnMap":{"0":{"name":"(anonymous_33)","decl":{"start":{"line":63,"column":12},"end":{"line":63,"column":18}},"loc":{"start":{"line":63,"column":18},"end":{"line":63,"column":26}}}},"branchMap":{"0":{"loc":{"start":{"line":92,"column":26},"end":{"line":92,"column":null}},"type":"cond-expr","locations":[{"start":{"line":92,"column":26},"end":{"line":92,"column":null}}]},"1":{"loc":{"start":{"line":90,"column":7},"end":{"line":90,"column":null}},"type":"binary-expr","locations":[{"start":{"line":90,"column":7},"end":{"line":90,"column":null}},{"start":{"line":90,"column":15},"end":{"line":90,"column":null}}]},"2":{"loc":{"start":{"line":89,"column":29},"end":{"line":89,"column":49}},"type":"binary-expr","locations":[{"start":{"line":89,"column":29},"end":{"line":89,"column":40}},{"start":{"line":89,"column":29},"end":{"line":89,"column":49}}]},"3":{"loc":{"start":{"line":89,"column":49},"end":{"line":89,"column":null}},"type":"binary-expr","locations":[{"start":{"line":89,"column":49},"end":{"line":89,"column":70}},{"start":{"line":89,"column":49},"end":{"line":89,"column":70}},{"start":{"line":89,"column":49},"end":{"line":89,"column":null}}]},"4":{"loc":{"start":{"line":14,"column":14},"end":{"line":14,"column":20}},"type":"default-arg","locations":[{"start":{"line":14,"column":14},"end":{"line":14,"column":20}}]},"5":{"loc":{"start":{"line":14,"column":20},"end":{"line":14,"column":30}},"type":"default-arg","locations":[{"start":{"line":14,"column":20},"end":{"line":14,"column":30}}]},"6":{"loc":{"start":{"line":14,"column":30},"end":{"line":14,"column":39}},"type":"default-arg","locations":[{"start":{"line":14,"column":30},"end":{"line":14,"column":39}}]},"7":{"loc":{"start":{"line":14,"column":39},"end":{"line":14,"column":49}},"type":"default-arg","locations":[{"start":{"line":14,"column":39},"end":{"line":14,"column":49}}]},"8":{"loc":{"start":{"line":14,"column":49},"end":{"line":14,"column":55}},"type":"default-arg","locations":[{"start":{"line":14,"column":49},"end":{"line":14,"column":55}}]},"9":{"loc":{"start":{"line":14,"column":55},"end":{"line":14,"column":62}},"type":"default-arg","locations":[{"start":{"line":14,"column":55},"end":{"line":14,"column":62}}]},"10":{"loc":{"start":{"line":14,"column":62},"end":{"line":14,"column":76}},"type":"default-arg","locations":[{"start":{"line":14,"column":62},"end":{"line":14,"column":76}}]},"11":{"loc":{"start":{"line":14,"column":76},"end":{"line":14,"column":null}},"type":"default-arg","locations":[{"start":{"line":14,"column":76},"end":{"line":14,"column":null}}]},"12":{"loc":{"start":{"line":60,"column":17},"end":{"line":60,"column":null}},"type":"binary-expr","locations":[{"start":{"line":60,"column":17},"end":{"line":60,"column":36}},{"start":{"line":60,"column":36},"end":{"line":60,"column":null}}]},"13":{"loc":{"start":{"line":64,"column":7},"end":{"line":64,"column":null}},"type":"if","locations":[{"start":{"line":64,"column":7},"end":{"line":64,"column":null}},{"start":{"line":64,"column":7},"end":{"line":64,"column":null}}]},"14":{"loc":{"start":{"line":73,"column":10},"end":{"line":73,"column":null}},"type":"cond-expr","locations":[{"start":{"line":73,"column":33},"end":{"line":73,"column":40}},{"start":{"line":73,"column":40},"end":{"line":73,"column":null}}]},"15":{"loc":{"start":{"line":74,"column":10},"end":{"line":74,"column":null}},"type":"cond-expr","locations":[{"start":{"line":74,"column":20},"end":{"line":74,"column":33}},{"start":{"line":74,"column":20},"end":{"line":74,"column":null}}]},"16":{"loc":{"start":{"line":78,"column":12},"end":{"line":78,"column":null}},"type":"cond-expr","locations":[{"start":{"line":78,"column":22},"end":{"line":78,"column":30}},{"start":{"line":78,"column":22},"end":{"line":78,"column":null}}]}},"s":{"0":0,"1":0,"2":0,"3":0,"4":0,"5":0,"6":0,"7":0,"8":0,"9":0,"10":0,"11":0,"12":0,"13":0,"14":0,"15":0,"16":0,"17":0,"18":0,"19":0,"20":0,"21":0,"22":0,"23":0,"24":0,"25":0},"f":{"0":0},"b":{"0":[0],"1":[0,0],"2":[0,0],"3":[0,0,0],"4":[0],"5":[0],"6":[0],"7":[0],"8":[0],"9":[0],"10":[0],"11":[0],"12":[0,0],"13":[0,0],"14":[0,0],"15":[0,0],"16":[0,0]}}
,"/Users/carey/Projects/Node/aft/ui/src/lib/components/Breadcrumb/Example.svelte": {"path":"/Users/carey/Projects/Node/aft/ui/src/lib/components/Breadcrumb/Example.svelte","statementMap":{"0":{"start":{"line":31,"column":19},"end":{"line":31,"column":null}},"1":{"start":{"line":43,"column":19},"end":{"line":43,"column":null}},"2":{"start":{"line":54,"column":19},"end":{"line":54,"column":null}},"3":{"start":{"line":27,"column":18},"end":{"line":27,"column":null}},"4":{"start":{"line":30,"column":9},"end":{"line":30,"column":null}},"5":{"start":{"line":30,"column":4},"end":{"line":30,"column":8}},"6":{"start":{"line":42,"column":9},"end":{"line":42,"column":null}},"7":{"start":{"line":42,"column":4},"end":{"line":42,"column":8}},"8":{"start":{"line":53,"column":9},"end":{"line":53,"column":null}},"9":{"start":{"line":53,"column":4},"end":{"line":53,"column":8}},"10":{"start":{"line":26,"column":1},"end":{"line":28,"column":null}},"11":{"start":{"line":29,"column":1},"end":{"line":39,"column":null}},"12":{"start":{"line":41,"column":1},"end":{"line":51,"column":null}},"13":{"start":{"line":52,"column":1},"end":{"line":62,"column":null}},"14":{"start":{"line":9,"column":15},"end":{"line":9,"column":null}},"15":{"start":{"line":10,"column":21},"end":{"line":10,"column":null}}},"fnMap":{},"branchMap":{"0":{"loc":{"start":{"line":43,"column":19},"end":{"line":43,"column":33}},"type":"cond-expr","locations":[{"start":{"line":43,"column":19},"end":{"line":43,"column":33}}]},"1":{"loc":{"start":{"line":27,"column":18},"end":{"line":27,"column":null}},"type":"cond-expr","locations":[{"start":{"line":27,"column":18},"end":{"line":27,"column":null}}]}},"s":{"0":0,"1":0,"2":0,"3":0,"4":0,"5":0,"6":0,"7":0,"8":0,"9":0,"10":0,"11":0,"12":0,"13":0,"14":0,"15":0},"f":{},"b":{"0":[0],"1":[0]}}
,"/Users/carey/Projects/Node/aft/ui/src/lib/components/Breadcrumb/config.ts": {"path":"/Users/carey/Projects/Node/aft/ui/src/lib/components/Breadcrumb/config.ts","statementMap":{"0":{"start":{"line":3,"column":26},"end":{"line":7,"column":null}}},"fnMap":{},"branchMap":{},"s":{"0":0},"f":{},"b":{}}
,"/Users/carey/Projects/Node/aft/ui/src/lib/components/Breadcrumb/module.ts": {"path":"/Users/carey/Projects/Node/aft/ui/src/lib/components/Breadcrumb/module.ts","statementMap":{"0":{"start":{"line":33,"column":60},"end":{"line":37,"column":null}}},"fnMap":{},"branchMap":{},"s":{"0":0},"f":{},"b":{}}
,"/Users/carey/Projects/Node/aft/ui/src/lib/components/Breadcrumb/options.ts": {"path":"/Users/carey/Projects/Node/aft/ui/src/lib/components/Breadcrumb/options.ts","statementMap":{"0":{"start":{"line":1,"column":34},"end":{"line":9,"column":null}}},"fnMap":{},"branchMap":{},"s":{"0":0},"f":{},"b":{}}
,"/Users/carey/Projects/Node/aft/ui/src/lib/components/BreadcrumbOption/Component.svelte": {"path":"/Users/carey/Projects/Node/aft/ui/src/lib/components/BreadcrumbOption/Component.svelte","statementMap":{"0":{"start":{"line":69,"column":9},"end":{"line":69,"column":null}},"1":{"start":{"line":69,"column":27},"end":{"line":69,"column":null}},"2":{"start":{"line":81,"column":17},"end":{"line":81,"column":null}},"3":{"start":{"line":72,"column":13},"end":{"line":72,"column":null}},"4":{"start":{"line":71,"column":24},"end":{"line":71,"column":null}},"5":{"start":{"line":70,"column":5},"end":{"line":79,"column":null}},"6":{"start":{"line":78,"column":6},"end":{"line":78,"column":null}},"7":{"start":{"line":98,"column":6},"end":{"line":98,"column":null}},"8":{"start":{"line":96,"column":5},"end":{"line":96,"column":null}},"9":{"start":{"line":68,"column":8},"end":{"line":68,"column":null}},"10":{"start":{"line":92,"column":9},"end":{"line":92,"column":null}},"11":{"start":{"line":95,"column":9},"end":{"line":95,"column":null}},"12":{"start":{"line":95,"column":15},"end":{"line":95,"column":null}},"13":{"start":{"line":84,"column":3},"end":{"line":100,"column":null}},"14":{"start":{"line":66,"column":13},"end":{"line":66,"column":null}},"15":{"start":{"line":65,"column":0},"end":{"line":103,"column":null}},"16":{"start":{"line":66,"column":1},"end":{"line":102,"column":null}},"17":{"start":{"line":11,"column":17},"end":{"line":11,"column":null}},"18":{"start":{"line":25,"column":2},"end":{"line":28,"column":null}},"19":{"start":{"line":25,"column":2},"end":{"line":25,"column":null}},"20":{"start":{"line":31,"column":12},"end":{"line":31,"column":null}},"21":{"start":{"line":32,"column":15},"end":{"line":32,"column":null}},"22":{"start":{"line":61,"column":2},"end":{"line":61,"column":null}},"23":{"start":{"line":34,"column":1},"end":{"line":46,"column":null}},"24":{"start":{"line":48,"column":1},"end":{"line":52,"column":null}},"25":{"start":{"line":54,"column":1},"end":{"line":58,"column":null}}},"fnMap":{},"branchMap":{"0":{"loc":{"start":{"line":69,"column":9},"end":{"line":69,"column":null}},"type":"if","locations":[{"start":{"line":69,"column":9},"end":{"line":69,"column":null}},{"start":{"line":69,"column":9},"end":{"line":69,"column":null}}]},"1":{"loc":{"start":{"line":81,"column":17},"end":{"line":81,"column":null}},"type":"if","locations":[{"start":{"line":81,"column":17},"end":{"line":81,"column":null}},{"start":{"line":81,"column":17},"end":{"line":81,"column":null}}]},"2":{"loc":{"start":{"line":72,"column":13},"end":{"line":72,"column":null}},"type":"binary-expr","locations":[{"start":{"line":72,"column":13},"end":{"line":72,"column":34}},{"start":{"line":72,"column":13},"end":{"line":72,"column":null}}]},"3":{"loc":{"start":{"line":98,"column":6},"end":{"line":98,"column":null}},"type":"if","locations":[{"start":{"line":98,"column":6},"end":{"line":98,"column":null}},{"start":{"line":98,"column":6},"end":{"line":98,"column":null}}]},"4":{"loc":{"start":{"line":68,"column":8},"end":{"line":68,"column":null}},"type":"binary-expr","locations":[{"start":{"line":68,"column":8},"end":{"line":68,"column":21}},{"start":{"line":68,"column":21},"end":{"line":68,"column":32}},{"start":{"line":68,"column":32},"end":{"line":68,"column":null}}]},"5":{"loc":{"start":{"line":92,"column":9},"end":{"line":92,"column":null}},"type":"binary-expr","locations":[{"start":{"line":92,"column":9},"end":{"line":92,"column":null}},{"start":{"line":92,"column":13},"end":{"line":92,"column":null}}]},"6":{"loc":{"start":{"line":95,"column":9},"end":{"line":95,"column":null}},"type":"if","locations":[{"start":{"line":95,"column":9},"end":{"line":95,"column":null}},{"start":{"line":95,"column":9},"end":{"line":95,"column":null}}]},"7":{"loc":{"start":{"line":87,"column":18},"end":{"line":87,"column":46}},"type":"cond-expr","locations":[{"start":{"line":87,"column":29},"end":{"line":87,"column":39}},{"start":{"line":87,"column":42},"end":{"line":87,"column":46}}]},"8":{"loc":{"start":{"line":68,"column":8},"end":{"line":68,"column":32}},"type":"binary-expr","locations":[{"start":{"line":68,"column":8},"end":{"line":68,"column":21}},{"start":{"line":68,"column":21},"end":{"line":68,"column":32}}]},"9":{"loc":{"start":{"line":85,"column":8},"end":{"line":85,"column":null}},"type":"binary-expr","locations":[{"start":{"line":85,"column":8},"end":{"line":85,"column":19}},{"start":{"line":85,"column":8},"end":{"line":85,"column":null}}]},"10":{"loc":{"start":{"line":87,"column":18},"end":{"line":87,"column":null}},"type":"binary-expr","locations":[{"start":{"line":87,"column":18},"end":{"line":87,"column":26}},{"start":{"line":87,"column":18},"end":{"line":87,"column":26}},{"start":{"line":87,"column":18},"end":{"line":87,"column":null}},{"start":{"line":87,"column":46},"end":{"line":87,"column":null}}]},"11":{"loc":{"start":{"line":88,"column":19},"end":{"line":88,"column":null}},"type":"binary-expr","locations":[{"start":{"line":88,"column":19},"end":{"line":88,"column":27}},{"start":{"line":88,"column":19},"end":{"line":88,"column":27}},{"start":{"line":88,"column":19},"end":{"line":88,"column":null}}]},"12":{"loc":{"start":{"line":66,"column":13},"end":{"line":66,"column":null}},"type":"binary-expr","locations":[{"start":{"line":66,"column":13},"end":{"line":66,"column":43}},{"start":{"line":66,"column":13},"end":{"line":66,"column":43}},{"start":{"line":66,"column":13},"end":{"line":66,"column":null}}]},"13":{"loc":{"start":{"line":14,"column":2},"end":{"line":14,"column":null}},"type":"default-arg","locations":[{"start":{"line":14,"column":2},"end":{"line":14,"column":null}}]},"14":{"loc":{"start":{"line":15,"column":2},"end":{"line":15,"column":null}},"type":"default-arg","locations":[{"start":{"line":15,"column":2},"end":{"line":15,"column":null}}]},"15":{"loc":{"start":{"line":16,"column":2},"end":{"line":16,"column":null}},"type":"default-arg","locations":[{"start":{"line":16,"column":2},"end":{"line":16,"column":null}}]},"16":{"loc":{"start":{"line":17,"column":2},"end":{"line":17,"column":null}},"type":"default-arg","locations":[{"start":{"line":17,"column":2},"end":{"line":17,"column":null}}]},"17":{"loc":{"start":{"line":18,"column":2},"end":{"line":18,"column":null}},"type":"default-arg","locations":[{"start":{"line":18,"column":2},"end":{"line":18,"column":null}}]},"18":{"loc":{"start":{"line":19,"column":2},"end":{"line":19,"column":null}},"type":"default-arg","locations":[{"start":{"line":19,"column":2},"end":{"line":19,"column":null}}]},"19":{"loc":{"start":{"line":20,"column":2},"end":{"line":20,"column":null}},"type":"default-arg","locations":[{"start":{"line":20,"column":2},"end":{"line":20,"column":null}}]},"20":{"loc":{"start":{"line":21,"column":2},"end":{"line":21,"column":null}},"type":"default-arg","locations":[{"start":{"line":21,"column":2},"end":{"line":21,"column":null}}]},"21":{"loc":{"start":{"line":22,"column":2},"end":{"line":22,"column":null}},"type":"default-arg","locations":[{"start":{"line":22,"column":2},"end":{"line":22,"column":null}}]},"22":{"loc":{"start":{"line":23,"column":2},"end":{"line":23,"column":null}},"type":"default-arg","locations":[{"start":{"line":23,"column":2},"end":{"line":23,"column":null}}]},"23":{"loc":{"start":{"line":24,"column":2},"end":{"line":24,"column":null}},"type":"default-arg","locations":[{"start":{"line":24,"column":2},"end":{"line":24,"column":null}}]},"24":{"loc":{"start":{"line":25,"column":2},"end":{"line":25,"column":null}},"type":"default-arg","locations":[{"start":{"line":25,"column":2},"end":{"line":25,"column":null}}]},"25":{"loc":{"start":{"line":38,"column":10},"end":{"line":38,"column":79}},"type":"cond-expr","locations":[{"start":{"line":38,"column":62},"end":{"line":38,"column":72}},{"start":{"line":38,"column":72},"end":{"line":38,"column":79}}]}},"s":{"0":0,"1":0,"2":0,"3":0,"4":0,"5":0,"6":0,"7":0,"8":0,"9":0,"10":0,"11":0,"12":0,"13":0,"14":0,"15":0,"16":0,"17":0,"18":0,"19":0,"20":0,"21":0,"22":0,"23":0,"24":0,"25":0},"f":{},"b":{"0":[0,0],"1":[0,0],"2":[0,0],"3":[0,0],"4":[0,0,0],"5":[0,0],"6":[0,0],"7":[0,0],"8":[0,0],"9":[0,0],"10":[0,0,0,0],"11":[0,0,0],"12":[0,0,0],"13":[0],"14":[0],"15":[0],"16":[0],"17":[0],"18":[0],"19":[0],"20":[0],"21":[0],"22":[0],"23":[0],"24":[0],"25":[0,0]}}
,"/Users/carey/Projects/Node/aft/ui/src/lib/components/BreadcrumbOption/config.ts": {"path":"/Users/carey/Projects/Node/aft/ui/src/lib/components/BreadcrumbOption/config.ts","statementMap":{"0":{"start":{"line":4,"column":32},"end":{"line":13,"column":null}}},"fnMap":{},"branchMap":{},"s":{"0":0},"f":{},"b":{}}
,"/Users/carey/Projects/Node/aft/ui/src/lib/components/BreadcrumbOption/module.ts": {"path":"/Users/carey/Projects/Node/aft/ui/src/lib/components/BreadcrumbOption/module.ts","statementMap":{"0":{"start":{"line":22,"column":72},"end":{"line":28,"column":null}}},"fnMap":{},"branchMap":{},"s":{"0":0},"f":{},"b":{}}
,"/Users/carey/Projects/Node/aft/ui/src/lib/components/BreadcrumbOption/options.ts": {"path":"/Users/carey/Projects/Node/aft/ui/src/lib/components/BreadcrumbOption/options.ts","statementMap":{"0":{"start":{"line":1,"column":33},"end":{"line":9,"column":null}},"1":{"start":{"line":11,"column":38},"end":{"line":19,"column":null}},"2":{"start":{"line":21,"column":41},"end":{"line":29,"column":null}}},"fnMap":{},"branchMap":{},"s":{"0":0,"1":0,"2":0},"f":{},"b":{}}
,"/Users/carey/Projects/Node/aft/ui/src/lib/components/Button/Component.svelte": {"path":"/Users/carey/Projects/Node/aft/ui/src/lib/components/Button/Component.svelte","statementMap":{"0":{"start":{"line":75,"column":7},"end":{"line":75,"column":null}},"1":{"start":{"line":74,"column":1},"end":{"line":82,"column":null}},"2":{"start":{"line":65,"column":7},"end":{"line":65,"column":null}},"3":{"start":{"line":64,"column":1},"end":{"line":72,"column":null}},"4":{"start":{"line":76,"column":3},"end":{"line":78,"column":null}},"5":{"start":{"line":66,"column":3},"end":{"line":68,"column":null}},"6":{"start":{"line":63,"column":5},"end":{"line":63,"column":null}},"7":{"start":{"line":63,"column":20},"end":{"line":63,"column":null}},"8":{"start":{"line":33,"column":14},"end":{"line":33,"column":null}},"9":{"start":{"line":25,"column":2},"end":{"line":25,"column":null}},"10":{"start":{"line":31,"column":12},"end":{"line":31,"column":null}},"11":{"start":{"line":60,"column":25},"end":{"line":60,"column":null}},"12":{"start":{"line":35,"column":1},"end":{"line":35,"column":null}},"13":{"start":{"line":37,"column":1},"end":{"line":58,"column":null}}},"fnMap":{},"branchMap":{"0":{"loc":{"start":{"line":75,"column":7},"end":{"line":75,"column":null}},"type":"if","locations":[{"start":{"line":75,"column":7},"end":{"line":75,"column":null}},{"start":{"line":75,"column":7},"end":{"line":75,"column":null}}]},"1":{"loc":{"start":{"line":75,"column":7},"end":{"line":75,"column":null}},"type":"binary-expr","locations":[{"start":{"line":75,"column":7},"end":{"line":75,"column":19}},{"start":{"line":75,"column":19},"end":{"line":75,"column":null}}]},"2":{"loc":{"start":{"line":74,"column":35},"end":{"line":74,"column":55}},"type":"binary-expr","locations":[{"start":{"line":74,"column":35},"end":{"line":74,"column":46}},{"start":{"line":74,"column":35},"end":{"line":74,"column":55}}]},"3":{"loc":{"start":{"line":74,"column":55},"end":{"line":74,"column":85}},"type":"binary-expr","locations":[{"start":{"line":74,"column":55},"end":{"line":74,"column":68}},{"start":{"line":74,"column":55},"end":{"line":74,"column":68}},{"start":{"line":74,"column":55},"end":{"line":74,"column":85}}]},"4":{"loc":{"start":{"line":74,"column":85},"end":{"line":74,"column":null}},"type":"binary-expr","locations":[{"start":{"line":74,"column":85},"end":{"line":74,"column":93}},{"start":{"line":74,"column":85},"end":{"line":74,"column":93}},{"start":{"line":74,"column":85},"end":{"line":74,"column":null}}]},"5":{"loc":{"start":{"line":65,"column":7},"end":{"line":65,"column":null}},"type":"if","locations":[{"start":{"line":65,"column":7},"end":{"line":65,"column":null}},{"start":{"line":65,"column":7},"end":{"line":65,"column":null}}]},"6":{"loc":{"start":{"line":65,"column":7},"end":{"line":65,"column":null}},"type":"binary-expr","locations":[{"start":{"line":65,"column":7},"end":{"line":65,"column":19}},{"start":{"line":65,"column":19},"end":{"line":65,"column":null}}]},"7":{"loc":{"start":{"line":64,"column":33},"end":{"line":64,"column":53}},"type":"binary-expr","locations":[{"start":{"line":64,"column":33},"end":{"line":64,"column":44}},{"start":{"line":64,"column":33},"end":{"line":64,"column":53}}]},"8":{"loc":{"start":{"line":64,"column":53},"end":{"line":64,"column":null}},"type":"binary-expr","locations":[{"start":{"line":64,"column":53},"end":{"line":64,"column":66}},{"start":{"line":64,"column":53},"end":{"line":64,"column":66}},{"start":{"line":64,"column":53},"end":{"line":64,"column":null}}]},"9":{"loc":{"start":{"line":63,"column":5},"end":{"line":63,"column":null}},"type":"if","locations":[{"start":{"line":63,"column":5},"end":{"line":63,"column":null}},{"start":{"line":63,"column":5},"end":{"line":63,"column":null}}]},"10":{"loc":{"start":{"line":12,"column":2},"end":{"line":12,"column":null}},"type":"default-arg","locations":[{"start":{"line":12,"column":2},"end":{"line":12,"column":null}}]},"11":{"loc":{"start":{"line":13,"column":2},"end":{"line":13,"column":null}},"type":"default-arg","locations":[{"start":{"line":13,"column":2},"end":{"line":13,"column":null}}]},"12":{"loc":{"start":{"line":14,"column":2},"end":{"line":14,"column":null}},"type":"default-arg","locations":[{"start":{"line":14,"column":2},"end":{"line":14,"column":null}}]},"13":{"loc":{"start":{"line":15,"column":2},"end":{"line":15,"column":null}},"type":"default-arg","locations":[{"start":{"line":15,"column":2},"end":{"line":15,"column":null}}]},"14":{"loc":{"start":{"line":16,"column":2},"end":{"line":16,"column":null}},"type":"default-arg","locations":[{"start":{"line":16,"column":2},"end":{"line":16,"column":null}}]},"15":{"loc":{"start":{"line":17,"column":2},"end":{"line":17,"column":null}},"type":"default-arg","locations":[{"start":{"line":17,"column":2},"end":{"line":17,"column":null}}]},"16":{"loc":{"start":{"line":18,"column":2},"end":{"line":18,"column":null}},"type":"default-arg","locations":[{"start":{"line":18,"column":2},"end":{"line":18,"column":null}}]},"17":{"loc":{"start":{"line":19,"column":2},"end":{"line":19,"column":null}},"type":"default-arg","locations":[{"start":{"line":19,"column":2},"end":{"line":19,"column":null}}]},"18":{"loc":{"start":{"line":20,"column":2},"end":{"line":20,"column":null}},"type":"default-arg","locations":[{"start":{"line":20,"column":2},"end":{"line":20,"column":null}}]},"19":{"loc":{"start":{"line":21,"column":2},"end":{"line":21,"column":null}},"type":"default-arg","locations":[{"start":{"line":21,"column":2},"end":{"line":21,"column":null}}]},"20":{"loc":{"start":{"line":22,"column":2},"end":{"line":22,"column":null}},"type":"default-arg","locations":[{"start":{"line":22,"column":2},"end":{"line":22,"column":null}}]},"21":{"loc":{"start":{"line":23,"column":2},"end":{"line":23,"column":null}},"type":"default-arg","locations":[{"start":{"line":23,"column":2},"end":{"line":23,"column":null}}]},"22":{"loc":{"start":{"line":24,"column":2},"end":{"line":24,"column":null}},"type":"default-arg","locations":[{"start":{"line":24,"column":2},"end":{"line":24,"column":null}}]},"23":{"loc":{"start":{"line":25,"column":2},"end":{"line":25,"column":null}},"type":"default-arg","locations":[{"start":{"line":25,"column":2},"end":{"line":25,"column":null}}]},"24":{"loc":{"start":{"line":35,"column":15},"end":{"line":35,"column":null}},"type":"binary-expr","locations":[{"start":{"line":35,"column":15},"end":{"line":35,"column":26}},{"start":{"line":35,"column":26},"end":{"line":35,"column":52}},{"start":{"line":35,"column":33},"end":{"line":35,"column":null}}]},"25":{"loc":{"start":{"line":37,"column":20},"end":{"line":58,"column":null}},"type":"cond-expr","locations":[{"start":{"line":38,"column":4},"end":{"line":38,"column":null}},{"start":{"line":39,"column":4},"end":{"line":58,"column":null}}]},"26":{"loc":{"start":{"line":42,"column":30},"end":{"line":42,"column":60}},"type":"binary-expr","locations":[{"start":{"line":42,"column":30},"end":{"line":42,"column":41}},{"start":{"line":42,"column":41},"end":{"line":42,"column":60}}]},"27":{"loc":{"start":{"line":46,"column":35},"end":{"line":46,"column":61}},"type":"binary-expr","locations":[{"start":{"line":46,"column":35},"end":{"line":46,"column":43}},{"start":{"line":46,"column":43},"end":{"line":46,"column":61}}]},"28":{"loc":{"start":{"line":48,"column":33},"end":{"line":48,"column":63}},"type":"binary-expr","locations":[{"start":{"line":48,"column":33},"end":{"line":48,"column":45}},{"start":{"line":48,"column":45},"end":{"line":48,"column":63}}]},"29":{"loc":{"start":{"line":49,"column":37},"end":{"line":49,"column":67}},"type":"binary-expr","locations":[{"start":{"line":49,"column":37},"end":{"line":49,"column":49}},{"start":{"line":49,"column":49},"end":{"line":49,"column":67}}]},"30":{"loc":{"start":{"line":51,"column":25},"end":{"line":51,"column":61}},"type":"binary-expr","locations":[{"start":{"line":51,"column":25},"end":{"line":51,"column":39}},{"start":{"line":51,"column":39},"end":{"line":51,"column":61}}]}},"s":{"0":0,"1":0,"2":0,"3":0,"4":0,"5":0,"6":0,"7":0,"8":0,"9":0,"10":0,"11":0,"12":0,"13":0},"f":{},"b":{"0":[0,0],"1":[0,0],"2":[0,0],"3":[0,0,0],"4":[0,0,0],"5":[0,0],"6":[0,0],"7":[0,0],"8":[0,0,0],"9":[0,0],"10":[0],"11":[0],"12":[0],"13":[0],"14":[0],"15":[0],"16":[0],"17":[0],"18":[0],"19":[0],"20":[0],"21":[0],"22":[0],"23":[0],"24":[0,0,0],"25":[0,0],"26":[0,0],"27":[0,0],"28":[0,0],"29":[0,0],"30":[0,0]}}
,"/Users/carey/Projects/Node/aft/ui/src/lib/components/Button/Example.svelte": {"path":"/Users/carey/Projects/Node/aft/ui/src/lib/components/Button/Example.svelte","statementMap":{"0":{"start":{"line":31,"column":54},"end":{"line":31,"column":null}},"1":{"start":{"line":34,"column":56},"end":{"line":34,"column":null}},"2":{"start":{"line":37,"column":52},"end":{"line":37,"column":null}},"3":{"start":{"line":40,"column":53},"end":{"line":40,"column":null}},"4":{"start":{"line":31,"column":16},"end":{"line":31,"column":54}},"5":{"start":{"line":34,"column":16},"end":{"line":34,"column":56}},"6":{"start":{"line":37,"column":16},"end":{"line":37,"column":52}},"7":{"start":{"line":40,"column":16},"end":{"line":40,"column":53}},"8":{"start":{"line":29,"column":2},"end":{"line":42,"column":null}},"9":{"start":{"line":30,"column":3},"end":{"line":32,"column":null}},"10":{"start":{"line":33,"column":3},"end":{"line":35,"column":null}},"11":{"start":{"line":36,"column":3},"end":{"line":38,"column":null}},"12":{"start":{"line":39,"column":3},"end":{"line":41,"column":null}},"13":{"start":{"line":28,"column":8},"end":{"line":28,"column":null}},"14":{"start":{"line":28,"column":3},"end":{"line":28,"column":7}},"15":{"start":{"line":8,"column":15},"end":{"line":8,"column":null}},"16":{"start":{"line":9,"column":21},"end":{"line":9,"column":null}}},"fnMap":{},"branchMap":{},"s":{"0":0,"1":0,"2":0,"3":0,"4":0,"5":0,"6":0,"7":0,"8":0,"9":0,"10":0,"11":0,"12":0,"13":0,"14":0,"15":0,"16":0},"f":{},"b":{}}
,"/Users/carey/Projects/Node/aft/ui/src/lib/components/Button/config.ts": {"path":"/Users/carey/Projects/Node/aft/ui/src/lib/components/Button/config.ts","statementMap":{"0":{"start":{"line":14,"column":22},"end":{"line":21,"column":null}}},"fnMap":{},"branchMap":{},"s":{"0":0},"f":{},"b":{}}
,"/Users/carey/Projects/Node/aft/ui/src/lib/components/Button/module.ts": {"path":"/Users/carey/Projects/Node/aft/ui/src/lib/components/Button/module.ts","statementMap":{"0":{"start":{"line":24,"column":62},"end":{"line":29,"column":null}}},"fnMap":{},"branchMap":{},"s":{"0":0},"f":{},"b":{}}
[...]
lumn":null}},"type":"if","locations":[{"start":{"line":77,"column":3},"end":{"line":118,"column":null}},{"start":{"line":77,"column":3},"end":{"line":118,"column":null}}]},"11":{"loc":{"start":{"line":96,"column":4},"end":{"line":99,"column":null}},"type":"if","locations":[{"start":{"line":96,"column":4},"end":{"line":99,"column":null}},{"start":{"line":96,"column":4},"end":{"line":99,"column":null}}]},"12":{"loc":{"start":{"line":97,"column":15},"end":{"line":97,"column":null}},"type":"binary-expr","locations":[{"start":{"line":97,"column":15},"end":{"line":97,"column":27}},{"start":{"line":97,"column":27},"end":{"line":97,"column":null}}]},"13":{"loc":{"start":{"line":100,"column":4},"end":{"line":103,"column":null}},"type":"if","locations":[{"start":{"line":100,"column":4},"end":{"line":103,"column":null}},{"start":{"line":100,"column":4},"end":{"line":103,"column":null}}]},"14":{"loc":{"start":{"line":101,"column":15},"end":{"line":101,"column":null}},"type":"binary-expr","locations":[{"start":{"line":101,"column":15},"end":{"line":101,"column":27}},{"start":{"line":101,"column":27},"end":{"line":101,"column":null}}]},"15":{"loc":{"start":{"line":104,"column":4},"end":{"line":107,"column":null}},"type":"if","locations":[{"start":{"line":104,"column":4},"end":{"line":107,"column":null}},{"start":{"line":104,"column":4},"end":{"line":107,"column":null}}]},"16":{"loc":{"start":{"line":105,"column":15},"end":{"line":105,"column":null}},"type":"binary-expr","locations":[{"start":{"line":105,"column":15},"end":{"line":105,"column":27}},{"start":{"line":105,"column":27},"end":{"line":105,"column":null}}]},"17":{"loc":{"start":{"line":108,"column":4},"end":{"line":111,"column":null}},"type":"if","locations":[{"start":{"line":108,"column":4},"end":{"line":111,"column":null}},{"start":{"line":108,"column":4},"end":{"line":111,"column":null}}]},"18":{"loc":{"start":{"line":109,"column":15},"end":{"line":109,"column":null}},"type":"binary-expr","locations":[{"start":{"line":109,"column":15},"end":{"line":109,"column":27}},{"start":{"line":109,"column":27},"end":{"line":109,"column":null}}]},"19":{"loc":{"start":{"line":112,"column":4},"end":{"line":114,"column":null}},"type":"if","locations":[{"start":{"line":112,"column":4},"end":{"line":114,"column":null}},{"start":{"line":112,"column":4},"end":{"line":114,"column":null}}]},"20":{"loc":{"start":{"line":115,"column":4},"end":{"line":117,"column":null}},"type":"if","locations":[{"start":{"line":115,"column":4},"end":{"line":117,"column":null}},{"start":{"line":115,"column":4},"end":{"line":117,"column":null}}]},"21":{"loc":{"start":{"line":125,"column":4},"end":{"line":127,"column":null}},"type":"if","locations":[{"start":{"line":125,"column":4},"end":{"line":127,"column":null}},{"start":{"line":125,"column":4},"end":{"line":127,"column":null}}]},"22":{"loc":{"start":{"line":133,"column":3},"end":{"line":135,"column":null}},"type":"if","locations":[{"start":{"line":133,"column":3},"end":{"line":135,"column":null}},{"start":{"line":133,"column":3},"end":{"line":135,"column":null}}]}},"s":{"0":0,"1":0,"2":0,"3":0,"4":0,"5":0,"6":0,"7":0,"8":0,"9":0,"10":0,"11":0,"12":0,"13":0,"14":0,"15":0,"16":0,"17":0,"18":0,"19":0,"20":0,"21":0,"22":0,"23":0,"24":0,"25":0,"26":0,"27":0,"28":0,"29":0,"30":0,"31":0,"32":0,"33":0,"34":0,"35":0,"36":0,"37":0,"38":0,"39":0,"40":0,"41":0,"42":0,"43":0,"44":0,"45":0,"46":0,"47":0,"48":0,"49":0,"50":0,"51":0,"52":0,"53":0,"54":0,"55":0,"56":0,"57":0,"58":0,"59":0,"60":0,"61":0,"62":0,"63":0,"64":0,"65":0,"66":0,"67":0,"68":0,"69":0,"70":0,"71":0,"72":0},"f":{"0":0,"1":0,"2":0,"3":0,"4":0,"5":0,"6":0,"7":0,"8":0,"9":0,"10":0,"11":0},"b":{"0":[0],"1":[0,0],"2":[0,0],"3":[0,0],"4":[0,0],"5":[0,0],"6":[0,0],"7":[0,0],"8":[0,0],"9":[0,0],"10":[0,0],"11":[0,0],"12":[0,0],"13":[0,0],"14":[0,0],"15":[0,0],"16":[0,0],"17":[0,0],"18":[0,0],"19":[0,0],"20":[0,0],"21":[0,0],"22":[0,0]}}
,"/Users/carey/Projects/Node/aft/ui/src/routes/+error.svelte": {"path":"/Users/carey/Projects/Node/aft/ui/src/routes/+error.svelte","statementMap":{"0":{"start":{"line":8,"column":70},"end":{"line":8,"column":88}},"1":{"start":{"line":9,"column":44},"end":{"line":9,"column":70}},"2":{"start":{"line":5,"column":0},"end":{"line":12,"column":null}},"3":{"start":{"line":6,"column":1},"end":{"line":11,"column":null}},"4":{"start":{"line":7,"column":2},"end":{"line":10,"column":null}},"5":{"start":{"line":8,"column":3},"end":{"line":8,"column":null}},"6":{"start":{"line":9,"column":3},"end":{"line":9,"column":null}},"7":{"start":{"line":8,"column":82},"end":{"line":8,"column":88}},"8":{"start":{"line":9,"column":64},"end":{"line":9,"column":70}}},"fnMap":{},"branchMap":{"0":{"loc":{"start":{"line":8,"column":70},"end":{"line":8,"column":88}},"type":"if","locations":[{"start":{"line":8,"column":70},"end":{"line":8,"column":88}},{"start":{"line":8,"column":70},"end":{"line":8,"column":88}}]},"1":{"loc":{"start":{"line":8,"column":70},"end":{"line":8,"column":88}},"type":"binary-expr","locations":[{"start":{"line":8,"column":70},"end":{"line":8,"column":75}},{"start":{"line":8,"column":70},"end":{"line":8,"column":88}}]},"2":{"loc":{"start":{"line":9,"column":44},"end":{"line":9,"column":70}},"type":"if","locations":[{"start":{"line":9,"column":44},"end":{"line":9,"column":70}},{"start":{"line":9,"column":44},"end":{"line":9,"column":70}}]},"3":{"loc":{"start":{"line":9,"column":44},"end":{"line":9,"column":70}},"type":"binary-expr","locations":[{"start":{"line":9,"column":44},"end":{"line":9,"column":49}},{"start":{"line":9,"column":44},"end":{"line":9,"column":70}}]}},"s":{"0":0,"1":0,"2":0,"3":0,"4":0,"5":0,"6":0,"7":0,"8":0},"f":{},"b":{"0":[0,0],"1":[0,0],"2":[0,0],"3":[0,0]}}
,"/Users/carey/Projects/Node/aft/ui/src/routes/+page.svelte": {"path":"/Users/carey/Projects/Node/aft/ui/src/routes/+page.svelte","statementMap":{"0":{"start":{"line":4,"column":0},"end":{"line":43,"column":null}},"1":{"start":{"line":5,"column":1},"end":{"line":5,"column":null}},"2":{"start":{"line":7,"column":1},"end":{"line":42,"column":null}},"3":{"start":{"line":10,"column":2},"end":{"line":10,"column":null}},"4":{"start":{"line":11,"column":2},"end":{"line":11,"column":null}},"5":{"start":{"line":12,"column":2},"end":{"line":12,"column":null}},"6":{"start":{"line":13,"column":2},"end":{"line":13,"column":null}},"7":{"start":{"line":14,"column":2},"end":{"line":14,"column":null}},"8":{"start":{"line":15,"column":2},"end":{"line":15,"column":null}},"9":{"start":{"line":16,"column":2},"end":{"line":16,"column":null}},"10":{"start":{"line":17,"column":2},"end":{"line":17,"column":null}},"11":{"start":{"line":18,"column":2},"end":{"line":18,"column":null}},"12":{"start":{"line":19,"column":2},"end":{"line":19,"column":null}},"13":{"start":{"line":20,"column":2},"end":{"line":20,"column":null}},"14":{"start":{"line":21,"column":2},"end":{"line":21,"column":null}},"15":{"start":{"line":22,"column":2},"end":{"line":22,"column":null}},"16":{"start":{"line":23,"column":2},"end":{"line":23,"column":null}},"17":{"start":{"line":24,"column":2},"end":{"line":24,"column":null}},"18":{"start":{"line":25,"column":2},"end":{"line":25,"column":null}},"19":{"start":{"line":26,"column":2},"end":{"line":26,"column":null}},"20":{"start":{"line":27,"column":2},"end":{"line":27,"column":null}},"21":{"start":{"line":28,"column":2},"end":{"line":28,"column":null}},"22":{"start":{"line":29,"column":2},"end":{"line":29,"column":null}},"23":{"start":{"line":30,"column":2},"end":{"line":30,"column":null}},"24":{"start":{"line":31,"column":2},"end":{"line":31,"column":null}},"25":{"start":{"line":32,"column":2},"end":{"line":32,"column":null}},"26":{"start":{"line":33,"column":2},"end":{"line":33,"column":null}},"27":{"start":{"line":34,"column":2},"end":{"line":34,"column":null}},"28":{"start":{"line":35,"column":2},"end":{"line":35,"column":null}},"29":{"start":{"line":36,"column":2},"end":{"line":36,"column":null}},"30":{"start":{"line":37,"column":2},"end":{"line":37,"column":null}},"31":{"start":{"line":38,"column":2},"end":{"line":38,"column":null}},"32":{"start":{"line":39,"column":2},"end":{"line":39,"column":null}},"33":{"start":{"line":40,"column":2},"end":{"line":40,"column":null}},"34":{"start":{"line":41,"column":2},"end":{"line":41,"column":null}},"35":{"start":{"line":45,"column":0},"end":{"line":60,"column":null}},"36":{"start":{"line":46,"column":1},"end":{"line":49,"column":null}},"37":{"start":{"line":50,"column":1},"end":{"line":54,"column":null}},"38":{"start":{"line":55,"column":1},"end":{"line":59,"column":null}},"39":{"start":{"line":48,"column":19},"end":{"line":48,"column":45}}},"fnMap":{"0":{"name":"(anonymous_8)","decl":{"start":{"line":48,"column":19},"end":{"line":48,"column":25}},"loc":{"start":{"line":48,"column":19},"end":{"line":48,"column":45}}}},"branchMap":{},"s":{"0":0,"1":0,"2":0,"3":0,"4":0,"5":0,"6":0,"7":0,"8":0,"9":0,"10":0,"11":0,"12":0,"13":0,"14":0,"15":0,"16":0,"17":0,"18":0,"19":0,"20":0,"21":0,"22":0,"23":0,"24":0,"25":0,"26":0,"27":0,"28":0,"29":0,"30":0,"31":0,"32":0,"33":0,"34":0,"35":0,"36":0,"37":0,"38":0,"39":0},"f":{"0":0},"b":{}}
,"/Users/carey/Projects/Node/aft/ui/src/routes/accordion/+page.svelte": {"path":"/Users/carey/Projects/Node/aft/ui/src/routes/accordion/+page.svelte","statementMap":{"0":{"start":{"line":5,"column":0},"end":{"line":7,"column":null}}},"fnMap":{},"branchMap":{},"s":{"0":0},"f":{},"b":{}}
,"/Users/carey/Projects/Node/aft/ui/src/routes/avatar/+page.svelte": {"path":"/Users/carey/Projects/Node/aft/ui/src/routes/avatar/+page.svelte","statementMap":{"0":{"start":{"line":5,"column":0},"end":{"line":7,"column":null}}},"fnMap":{},"branchMap":{},"s":{"0":0},"f":{},"b":{}}
,"/Users/carey/Projects/Node/aft/ui/src/routes/badge/+page.svelte": {"path":"/Users/carey/Projects/Node/aft/ui/src/routes/badge/+page.svelte","statementMap":{"0":{"start":{"line":5,"column":0},"end":{"line":7,"column":null}}},"fnMap":{},"branchMap":{},"s":{"0":0},"f":{},"b":{}}
,"/Users/carey/Projects/Node/aft/ui/src/routes/breadcrumb/+page.svelte": {"path":"/Users/carey/Projects/Node/aft/ui/src/routes/breadcrumb/+page.svelte","statementMap":{"0":{"start":{"line":5,"column":0},"end":{"line":7,"column":null}}},"fnMap":{},"branchMap":{},"s":{"0":0},"f":{},"b":{}}
,"/Users/carey/Projects/Node/aft/ui/src/routes/button/+page.svelte": {"path":"/Users/carey/Projects/Node/aft/ui/src/routes/button/+page.svelte","statementMap":{"0":{"start":{"line":5,"column":0},"end":{"line":7,"column":null}}},"fnMap":{},"branchMap":{},"s":{"0":0},"f":{},"b":{}}
,"/Users/carey/Projects/Node/aft/ui/src/routes/buttongroup/+page.svelte": {"path":"/Users/carey/Projects/Node/aft/ui/src/routes/buttongroup/+page.svelte","statementMap":{"0":{"start":{"line":5,"column":0},"end":{"line":7,"column":null}}},"fnMap":{},"branchMap":{},"s":{"0":0},"f":{},"b":{}}
,"/Users/carey/Projects/Node/aft/ui/src/routes/card/+page.svelte": {"path":"/Users/carey/Projects/Node/aft/ui/src/routes/card/+page.svelte","statementMap":{"0":{"start":{"line":5,"column":0},"end":{"line":7,"column":null}}},"fnMap":{},"branchMap":{},"s":{"0":0},"f":{},"b":{}}
,"/Users/carey/Projects/Node/aft/ui/src/routes/checkbox/+page.svelte": {"path":"/Users/carey/Projects/Node/aft/ui/src/routes/checkbox/+page.svelte","statementMap":{"0":{"start":{"line":5,"column":0},"end":{"line":7,"column":null}}},"fnMap":{},"branchMap":{},"s":{"0":0},"f":{},"b":{}}
,"/Users/carey/Projects/Node/aft/ui/src/routes/datagrid/+page.svelte": {"path":"/Users/carey/Projects/Node/aft/ui/src/routes/datagrid/+page.svelte","statementMap":{"0":{"start":{"line":5,"column":0},"end":{"line":7,"column":null}}},"fnMap":{},"branchMap":{},"s":{"0":0},"f":{},"b":{}}
,"/Users/carey/Projects/Node/aft/ui/src/routes/disclosure/+page.svelte": {"path":"/Users/carey/Projects/Node/aft/ui/src/routes/disclosure/+page.svelte","statementMap":{"0":{"start":{"line":5,"column":0},"end":{"line":7,"column":null}}},"fnMap":{},"branchMap":{},"s":{"0":0},"f":{},"b":{}}
,"/Users/carey/Projects/Node/aft/ui/src/routes/drawer/+page.svelte": {"path":"/Users/carey/Projects/Node/aft/ui/src/routes/drawer/+page.svelte","statementMap":{"0":{"start":{"line":5,"column":0},"end":{"line":7,"column":null}}},"fnMap":{},"branchMap":{},"s":{"0":0},"f":{},"b":{}}
,"/Users/carey/Projects/Node/aft/ui/src/routes/empty/+page.svelte": {"path":"/Users/carey/Projects/Node/aft/ui/src/routes/empty/+page.svelte","statementMap":{"0":{"start":{"line":5,"column":0},"end":{"line":7,"column":null}}},"fnMap":{},"branchMap":{},"s":{"0":0},"f":{},"b":{}}
,"/Users/carey/Projects/Node/aft/ui/src/routes/fileinput/+page.svelte": {"path":"/Users/carey/Projects/Node/aft/ui/src/routes/fileinput/+page.svelte","statementMap":{"0":{"start":{"line":5,"column":0},"end":{"line":7,"column":null}}},"fnMap":{},"branchMap":{},"s":{"0":0},"f":{},"b":{}}
,"/Users/carey/Projects/Node/aft/ui/src/routes/icon/+page.svelte": {"path":"/Users/carey/Projects/Node/aft/ui/src/routes/icon/+page.svelte","statementMap":{"0":{"start":{"line":5,"column":0},"end":{"line":7,"column":null}}},"fnMap":{},"branchMap":{},"s":{"0":0},"f":{},"b":{}}
,"/Users/carey/Projects/Node/aft/ui/src/routes/input/+page.svelte": {"path":"/Users/carey/Projects/Node/aft/ui/src/routes/input/+page.svelte","statementMap":{"0":{"start":{"line":5,"column":0},"end":{"line":7,"column":null}}},"fnMap":{},"branchMap":{},"s":{"0":0},"f":{},"b":{}}
,"/Users/carey/Projects/Node/aft/ui/src/routes/kbd/+page.svelte": {"path":"/Users/carey/Projects/Node/aft/ui/src/routes/kbd/+page.svelte","statementMap":{"0":{"start":{"line":5,"column":0},"end":{"line":7,"column":null}}},"fnMap":{},"branchMap":{},"s":{"0":0},"f":{},"b":{}}
,"/Users/carey/Projects/Node/aft/ui/src/routes/menu/+page.svelte": {"path":"/Users/carey/Projects/Node/aft/ui/src/routes/menu/+page.svelte","statementMap":{"0":{"start":{"line":5,"column":0},"end":{"line":7,"column":null}}},"fnMap":{},"branchMap":{},"s":{"0":0},"f":{},"b":{}}
,"/Users/carey/Projects/Node/aft/ui/src/routes/modal/+page.svelte": {"path":"/Users/carey/Projects/Node/aft/ui/src/routes/modal/+page.svelte","statementMap":{"0":{"start":{"line":5,"column":0},"end":{"line":7,"column":null}}},"fnMap":{},"branchMap":{},"s":{"0":0},"f":{},"b":{}}
,"/Users/carey/Projects/Node/aft/ui/src/routes/notifications/+page.svelte": {"path":"/Users/carey/Projects/Node/aft/ui/src/routes/notifications/+page.svelte","statementMap":{"0":{"start":{"line":5,"column":0},"end":{"line":7,"column":null}}},"fnMap":{},"branchMap":{},"s":{"0":0},"f":{},"b":{}}
,"/Users/carey/Projects/Node/aft/ui/src/routes/pagination/+page.svelte": {"path":"/Users/carey/Projects/Node/aft/ui/src/routes/pagination/+page.svelte","statementMap":{"0":{"start":{"line":5,"column":0},"end":{"line":7,"column":null}}},"fnMap":{},"branchMap":{},"s":{"0":0},"f":{},"b":{}}
,"/Users/carey/Projects/Node/aft/ui/src/routes/popover/+page.svelte": {"path":"/Users/carey/Projects/Node/aft/ui/src/routes/popover/+page.svelte","statementMap":{"0":{"start":{"line":5,"column":0},"end":{"line":7,"column":null}}},"fnMap":{},"branchMap":{},"s":{"0":0},"f":{},"b":{}}
,"/Users/carey/Projects/Node/aft/ui/src/routes/progressbar/+page.svelte": {"path":"/Users/carey/Projects/Node/aft/ui/src/routes/progressbar/+page.svelte","statementMap":{"0":{"start":{"line":5,"column":0},"end":{"line":7,"column":null}}},"fnMap":{},"branchMap":{},"s":{"0":0},"f":{},"b":{}}
,"/Users/carey/Projects/Node/aft/ui/src/routes/progresscircle/+page.svelte": {"path":"/Users/carey/Projects/Node/aft/ui/src/routes/progresscircle/+page.svelte","statementMap":{"0":{"start":{"line":5,"column":0},"end":{"line":7,"column":null}}},"fnMap":{},"branchMap":{},"s":{"0":0},"f":{},"b":{}}
,"/Users/carey/Projects/Node/aft/ui/src/routes/radio/+page.svelte": {"path":"/Users/carey/Projects/Node/aft/ui/src/routes/radio/+page.svelte","statementMap":{"0":{"start":{"line":5,"column":0},"end":{"line":7,"column":null}}},"fnMap":{},"branchMap":{},"s":{"0":0},"f":{},"b":{}}
,"/Users/carey/Projects/Node/aft/ui/src/routes/range/+page.svelte": {"path":"/Users/carey/Projects/Node/aft/ui/src/routes/range/+page.svelte","statementMap":{"0":{"start":{"line":5,"column":0},"end":{"line":7,"column":null}}},"fnMap":{},"branchMap":{},"s":{"0":0},"f":{},"b":{}}
,"/Users/carey/Projects/Node/aft/ui/src/routes/rating/+page.svelte": {"path":"/Users/carey/Projects/Node/aft/ui/src/routes/rating/+page.svelte","statementMap":{"0":{"start":{"line":5,"column":0},"end":{"line":7,"column":null}}},"fnMap":{},"branchMap":{},"s":{"0":0},"f":{},"b":{}}
,"/Users/carey/Projects/Node/aft/ui/src/routes/select/+page.svelte": {"path":"/Users/carey/Projects/Node/aft/ui/src/routes/select/+page.svelte","statementMap":{"0":{"start":{"line":5,"column":0},"end":{"line":7,"column":null}}},"fnMap":{},"branchMap":{},"s":{"0":0},"f":{},"b":{}}
,"/Users/carey/Projects/Node/aft/ui/src/routes/selectlist/+page.svelte": {"path":"/Users/carey/Projects/Node/aft/ui/src/routes/selectlist/+page.svelte","statementMap":{"0":{"start":{"line":5,"column":0},"end":{"line":7,"column":null}}},"fnMap":{},"branchMap":{},"s":{"0":0},"f":{},"b":{}}
,"/Users/carey/Projects/Node/aft/ui/src/routes/switch/+page.svelte": {"path":"/Users/carey/Projects/Node/aft/ui/src/routes/switch/+page.svelte","statementMap":{"0":{"start":{"line":5,"column":0},"end":{"line":7,"column":null}}},"fnMap":{},"branchMap":{},"s":{"0":0},"f":{},"b":{}}
,"/Users/carey/Projects/Node/aft/ui/src/routes/tabs/+page.svelte": {"path":"/Users/carey/Projects/Node/aft/ui/src/routes/tabs/+page.svelte","statementMap":{"0":{"start":{"line":5,"column":0},"end":{"line":7,"column":null}}},"fnMap":{},"branchMap":{},"s":{"0":0},"f":{},"b":{}}
,"/Users/carey/Projects/Node/aft/ui/src/routes/textarea/+page.svelte": {"path":"/Users/carey/Projects/Node/aft/ui/src/routes/textarea/+page.svelte","statementMap":{"0":{"start":{"line":5,"column":0},"end":{"line":7,"column":null}}},"fnMap":{},"branchMap":{},"s":{"0":0},"f":{},"b":{}}
,"/Users/carey/Projects/Node/aft/ui/src/routes/tile/+page.svelte": {"path":"/Users/carey/Projects/Node/aft/ui/src/routes/tile/+page.svelte","statementMap":{"0":{"start":{"line":5,"column":0},"end":{"line":7,"column":null}}},"fnMap":{},"branchMap":{},"s":{"0":0},"f":{},"b":{}}
,"/Users/carey/Projects/Node/aft/ui/src/routes/util/download/+page.svelte": {"path":"/Users/carey/Projects/Node/aft/ui/src/routes/util/download/+page.svelte","statementMap":{"0":{"start":{"line":5,"column":0},"end":{"line":7,"column":null}}},"fnMap":{},"branchMap":{},"s":{"0":0},"f":{},"b":{}}
,"/Users/carey/Projects/Node/aft/ui/src/routes/util/generate/+page.svelte": {"path":"/Users/carey/Projects/Node/aft/ui/src/routes/util/generate/+page.svelte","statementMap":{"0":{"start":{"line":5,"column":0},"end":{"line":7,"column":null}}},"fnMap":{},"branchMap":{},"s":{"0":0},"f":{},"b":{}}
,"/Users/carey/Projects/Node/aft/ui/src/routes/util/variants/+page.svelte": {"path":"/Users/carey/Projects/Node/aft/ui/src/routes/util/variants/+page.svelte","statementMap":{"0":{"start":{"line":4,"column":0},"end":{"line":12,"column":null}},"1":{"start":{"line":5,"column":1},"end":{"line":5,"column":null}},"2":{"start":{"line":6,"column":1},"end":{"line":11,"column":null}},"3":{"start":{"line":9,"column":2},"end":{"line":9,"column":null}},"4":{"start":{"line":10,"column":2},"end":{"line":10,"column":null}}},"fnMap":{},"branchMap":{},"s":{"0":0,"1":0,"2":0,"3":0,"4":0},"f":{},"b":{}}
,"/Users/carey/Projects/Node/aft/ui/src/routes/util/variants/block/+page.svelte": {"path":"/Users/carey/Projects/Node/aft/ui/src/routes/util/variants/block/+page.svelte","statementMap":{"0":{"start":{"line":5,"column":0},"end":{"line":7,"column":null}}},"fnMap":{},"branchMap":{},"s":{"0":0},"f":{},"b":{}}
,"/Users/carey/Projects/Node/aft/ui/src/routes/util/variants/item/+page.svelte": {"path":"/Users/carey/Projects/Node/aft/ui/src/routes/util/variants/item/+page.svelte","statementMap":{"0":{"start":{"line":5,"column":0},"end":{"line":7,"column":null}}},"fnMap":{},"branchMap":{},"s":{"0":0},"f":{},"b":{}}
}
